cost ==> 0.0015026938100054044
cost ==> 0.06656562879992331
cost ==> 0.030782867227158225
cost ==> 0.001509312012342318
cost ==> 0.06624970151122617
cost ==> 0.030154095558604415
cost ==> 0.001523748676658694
cost ==> 0.06597216146645528
cost ==> 0.029535588400406515
cost ==> 0.00154609995520323
cost ==> 0.06573280332454169
cost ==> 0.02892723584513808
cost ==> 0.0015765135399969194
cost ==> 0.06553144953706617
cost ==> 0.02832892845552687
[[18.992      19.         18.998     ]
 [18.99199995 18.9999976  18.99799889]
 [18.99199989 18.9999952  18.9979978 ]
 [18.99199984 18.99999282 18.99799673]
 [18.99199978 18.99999045 18.99799569]
 [18.99199972 18.99998808 18.99799467]]
Costs calculated [[0.0015026937967672614, 0.06656562875944985, 0.030782867182941268], [0.001509312030800462, 0.06624970149915886, 0.030154095596529984], [0.0015237486748289717, 0.06597216147200756, 0.029535588421816597], [0.0015460999475666961, 0.06573280335237643, 0.02892723586321347], [0.0015765135221113588, 0.06553144955869224, 0.028328928420282375]]
[0, 3, 0] 
 [99.9579, 99.9999, 99.9894]
________________________________________________________________________________
[1, 2, 0] 
 [99.9579, 99.9999, 99.9894]
________________________________________________________________________________
[0, 3, 0] 
 [99.9579, 99.9998, 99.9894]
________________________________________________________________________________
[0, 3, 0] 
 [99.9579, 99.9998, 99.9894]
________________________________________________________________________________
[0, 3, 0] 
 [99.9579, 99.9998, 99.9894]
________________________________________________________________________________
cost ==> 0.001615188162655657
cost ==> 0.065367950416472
cost ==> 0.027740557266642794
cost ==> 0.0016623729372512097
cost ==> 0.06524218419384605
cost ==> 0.027162013788119138
cost ==> 0.0017183665614391491
cost ==> 0.06515405706611169
cost ==> 0.02659319000640805
cost ==> 0.0017835163934935784
cost ==> 0.06510350323249267
cost ==> 0.026033978387071183
cost ==> 0.0018582174244481775
cost ==> 0.06509048492015408
cost ==> 0.025484271877107327
[[18.99199972 18.99998808 18.99799467]
 [18.99199972 18.999981   18.99799467]
 [18.99199966 18.99997629 18.99799467]
 [18.99199966 18.99996923 18.99799467]
 [18.99199966 18.99996218 18.99799467]
 [18.99199966 18.99995513 18.99799467]]
Costs calculated [[0.08036341327152363, 0.06536795041740003, 0.08036341327152363], [0.0016623729829697562, 0.06524218417936027, 0.08036341327152363], [0.08036341327152363, 0.06515405706904044, 0.08036341327152363], [0.08036341327152363, 0.06510350321892627, 0.08036341327152363], [0.08036341327152363, 0.06509048493187679, 0.08036341327152363]]
[0, 3, 0] 
 [99.9579, 99.9997, 99.9894]
________________________________________________________________________________
[0, 3, 0] 
 [99.9579, 99.9997, 99.9894]
________________________________________________________________________________
[0, 2, 1] 
 [99.9579, 99.9997, 99.9894]
________________________________________________________________________________
[0, 2, 1] 
 [99.9579, 99.9996, 99.9894]
________________________________________________________________________________
[0, 2, 1] 
 [99.9579, 99.9996, 99.9894]
________________________________________________________________________________
cost ==> 0.0019429111652549316
cost ==> 0.06511499239894232
cost ==> 0.02494396390731499
cost ==> 0.00203808446879876
cost ==> 0.06517704398518552
cost ==> 0.024412948394695246
cost ==> 0.0021442683058551576
cost ==> 0.06527668603454155
cost ==> 0.02389111974489152
cost ==> 0.00226203651278473
cost ==> 0.06541399292391412
cost ==> 0.023378372854670353
cost ==> 0.0023920045270700413
cost ==> 0.06558906702248994
cost ==> 0.022874603114442046
[[18.99199966 18.99995513 18.99799467]
 [18.99199966 18.99994807 18.99799467]
 [18.99199966 18.99994101 18.99799467]
 [18.99199966 18.9999363  18.9979938 ]
 [18.99199966 18.99993157 18.99799296]
 [18.99199966 18.99992683 18.99799213]]
Costs calculated [[0.08036341327152363, 0.06511499240237205, 0.08036341327152363], [0.08036341327152363, 0.06517704399526543, 0.08036341327152363], [0.08036341327152363, 0.06527668601622294, 0.023891119747868186], [0.08036341327152363, 0.06541399292488667, 0.023378372877806895], [0.08036341327152363, 0.06558906700693101, 0.022874603076016648]]
[0, 3, 0] 
 [99.9579, 99.9996, 99.9894]
________________________________________________________________________________
[0, 3, 0] 
 [99.9579, 99.9995, 99.9894]
________________________________________________________________________________
[0, 3, 0] 
 [99.9579, 99.9995, 99.9894]
________________________________________________________________________________
[0, 3, 0] 
 [99.9579, 99.9995, 99.9894]
________________________________________________________________________________
[0, 3, 0] 
 [99.9579, 99.9994, 99.9894]
________________________________________________________________________________
cost ==> 0.0025348281248613706
cost ==> 0.06580203865197719
cost ==> 0.02237970641082365
cost ==> 0.0026912021726401125
cost ==> 0.06605306603615664
cost ==> 0.021893579129245135
cost ==> 0.002861859403042984
cost ==> 0.06634233523988742
cost ==> 0.021416118156598392
cost ==> 0.003047569222903368
cost ==> 0.06667006009773664
cost ==> 0.020947220883932357
cost ==> 0.0032491365597228142
cost ==> 0.06703648213243141
cost ==> 0.020486785209194044
[[18.99199966 18.99992683 18.99799213]
 [18.99199966 18.99991971 18.99799213]
 [18.99199966 18.99991255 18.99799213]
 [18.99199966 18.99990536 18.99799213]
 [18.99199966 18.99989814 18.99799213]
 [18.99199966 18.99989088 18.99799213]]
Costs calculated [[0.08036341327152363, 0.06580203865281489, 0.08036341327152363], [0.08036341327152363, 0.06605306602983797, 0.08036341327152363], [0.08036341327152363, 0.06634233522971533, 0.08036341327152363], [0.08036341327152363, 0.06667006010460558, 0.08036341327152363], [0.08036341327152363, 0.06703648211953615, 0.08036341327152363]]
[0, 2, 1] 
 [99.9579, 99.9994, 99.9894]
________________________________________________________________________________
[0, 2, 1] 
 [99.9579, 99.9994, 99.9894]
________________________________________________________________________________
[0, 2, 1] 
 [99.9579, 99.9994, 99.9894]
________________________________________________________________________________
[0, 2, 1] 
 [99.9579, 99.9993, 99.9894]
________________________________________________________________________________
[0, 3, 0] 
 [99.9579, 99.9993, 99.9894]
________________________________________________________________________________
cost ==> 0.003467400751125157
cost ==> 0.06744187046335011
cost ==> 0.020034709540016887
cost ==> 0.0037032344803909546
cost ==> 0.06788652170530952
cost ==> 0.019590892796557676
cost ==> 0.003957542759926532
cost ==> 0.06837075985791038
cost ==> 0.019155234414383725
cost ==> 0.0042312619634856255
cost ==> 0.06889493618573804
cost ==> 0.018727634347410815
cost ==> 0.004525358907117551
cost ==> 0.06945942908972769
cost ==> 0.018307993070894084
[[18.99199966 18.99989088 18.99799213]
 [18.99199966 18.99988601 18.99799141]
 [18.99199966 18.9998811  18.9979907 ]
 [18.99199966 18.99987617 18.99799001]
 [18.99199966 18.99987119 18.99798933]
 [18.99199966 18.99986367 18.99798933]]
Costs calculated [[0.08036341327152363, 0.06744187045078646, 0.020034709505971648], [0.08036341327152363, 0.06788652172353278, 0.019590892817427843], [0.08036341327152363, 0.06837075986427364, 0.019155234452638597], [0.08036341327152363, 0.06889493619921287, 0.018727634355947424], [0.08036341327152363, 0.06945942907712428, 0.08036341327152363]]
[0, 2, 1] 
 [99.9579, 99.9993, 99.9894]
________________________________________________________________________________
[0, 3, 0] 
 [99.9579, 99.9992, 99.9894]
________________________________________________________________________________
[0, 3, 0] 
 [99.9579, 99.9992, 99.9894]
________________________________________________________________________________
[0, 3, 0] 
 [99.9579, 99.9991, 99.9894]
________________________________________________________________________________
[0, 3, 0] 
 [99.9579, 99.9991, 99.9894]
________________________________________________________________________________
cost ==> 0.004840829978148049
cost ==> 0.07006464397002642
cost ==> 0.017896211584472518
cost ==> 0.005178700310984446
cost ==> 0.07071101308069651
cost ==> 0.01749219141526911
cost ==> 0.005540023008155839
cost ==> 0.07139899537661755
cost ==> 0.01709583462104723
cost ==> 0.005925878404729209
cost ==> 0.07212907635296635
cost ==> 0.016707043793426076
cost ==> 0.006337373374066096
cost ==> 0.07290176787764911
cost ==> 0.0163257220611552
[[18.99199966 18.99986367 18.99798933]
 [18.99199966 18.99985861 18.99798869]
 [18.99199966 18.99985095 18.99798869]
 [18.99199966 18.99984321 18.99798869]
 [18.99199966 18.9998354  18.99798869]
 [18.99199966 18.9998275  18.99798869]]
Costs calculated [[0.08036341327152363, 0.07006464398413197, 0.017896211597344502], [0.08036341327152363, 0.07071101308458896, 0.08036341327152363], [0.08036341327152363, 0.07139899538504921, 0.08036341327152363], [0.08036341327152363, 0.07212907635713209, 0.08036341327152363], [0.08036341327152363, 0.07290176788833092, 0.08036341327152363]]
[0, 2, 1] 
 [99.9579, 99.9991, 99.9894]
________________________________________________________________________________
[0, 3, 0] 
 [99.9579, 99.999, 99.9894]
________________________________________________________________________________
[0, 3, 0] 
 [99.9579, 99.999, 99.9894]
________________________________________________________________________________
[0, 3, 0] 
 [99.9579, 99.9989, 99.9894]
________________________________________________________________________________
[0, 3, 0] 
 [99.9579, 99.9989, 99.9894]
________________________________________________________________________________
cost ==> 0.006775640672781142
cost ==> 0.07095827835573842
cost ==> 0.015951773093450996
cost ==> 0.0072418383227220605
cost ==> 0.06905585015267766
cost ==> 0.015585101103395862
cost ==> 0.007737149027793141
cost ==> 0.06719391610978195
cost ==> 0.015225610851402347
cost ==> 0.008262779623482677
cost ==> 0.06537191215785859
cost ==> 0.014873207648743536
cost ==> 0.008819960557018487
cost ==> 0.06358927733536973
cost ==> 0.014527797361151841
[[18.99199966 18.9998275  18.99798869]
 [18.99199966 18.99982237 18.99798811]
 [18.99199966 18.99981489 18.99798811]
 [18.99199966 18.99980761 18.99798811]
 [18.99199966 18.99980053 18.99798811]
 [18.99199966 18.99979364 18.99798811]]
Costs calculated [[0.08036341327152363, 0.07095827833941326, 0.01595177306102614], [0.08036341327152363, 0.06905585014305225, 0.08036341327152363], [0.08036341327152363, 0.06719391610403103, 0.08036341327152363], [0.08036341327152363, 0.06537191214259888, 0.08036341327152363], [0.08036341327152363, 0.06358927734366286, 0.08036341327152363]]
[0, 3, 0] 
 [99.9579, 99.9989, 99.9894]
________________________________________________________________________________
[0, 2, 1] 
 [99.9579, 99.9988, 99.9894]
________________________________________________________________________________
[0, 2, 1] 
 [99.9579, 99.9988, 99.9894]
________________________________________________________________________________
[0, 3, 0] 
 [99.9579, 99.9988, 99.9894]
________________________________________________________________________________
[0, 2, 1] 
 [99.9579, 99.9988, 99.9894]
________________________________________________________________________________
cost ==> 0.009409945396157493
cost ==> 0.061845453806951556
cost ==> 0.014189286412487755
cost ==> 0.01003401036470999
cost ==> 0.060139886882301354
cost ==> 0.013857581788480152
cost ==> 0.01069345390299886
cost ==> 0.05847202503544567
cost ==> 0.013532591040541301
cost ==> 0.011389596251560786
cost ==> 0.05684131992439845
cost ==> 0.013214222289656604
cost ==> 0.012123779056500566
cost ==> 0.055247226411225675
cost ==> 0.012902384230352967
[[18.99199966 18.99979364 18.99798811]
 [18.99199966 18.99978694 18.99798811]
 [18.99199966 18.9997826  18.99798761]
 [18.99199966 18.99977838 18.99798712]
 [18.99199966 18.99977222 18.99798712]
 [18.99199966 18.99976823 18.99798666]]
Costs calculated [[0.08036341327152363, 0.06184545380921313, 0.08036341327152363], [0.08036341327152363, 0.060139886904280696, 0.013857581804106798], [0.08036341327152363, 0.05847202502737685, 0.013532590996762002], [0.08036341327152363, 0.05684131992203973, 0.08036341327152363], [0.08036341327152363, 0.05524722639808212, 0.012902384197059852]]
[0, 3, 0] 
 [99.9579, 99.9987, 99.9894]
________________________________________________________________________________
[0, 3, 0] 
 [99.9579, 99.9987, 99.9894]
________________________________________________________________________________
[0, 2, 1] 
 [99.9579, 99.9987, 99.9894]
________________________________________________________________________________
[0, 2, 1] 
 [99.9579, 99.9987, 99.9894]
________________________________________________________________________________
[0, 3, 0] 
 [99.9579, 99.9986, 99.9894]
________________________________________________________________________________
cost ==> 0.012897364995014616
cost ==> 0.053689202582528156
cost ==> 0.012596986134746576
cost ==> 0.013711737419700588
cost ==> 0.05216670977035498
cost ==> 0.012297937856672688
cost ==> 0.01456830002036797
cost ==> 0.05067921257356451
cost ==> 0.012005149835900149
cost ==> 0.015468476502156459
cost ==> 0.04922617887964498
cost ==> 0.011718533102431436
cost ==> 0.016413710278856995
cost ==> 0.0478070798870127
cost ==> 0.011437999280892225
[[18.99199966 18.99976823 18.99798666]
 [18.99199966 18.99976241 18.99798666]
 [18.99199966 18.99975676 18.99798666]
 [18.99199966 18.9997531  18.99798622]
 [18.99199966 18.99974955 18.9979858 ]
 [18.99199966 18.99974437 18.9979858 ]]
Costs calculated [[0.08036341327152363, 0.053689202593946446, 0.08036341327152363], [0.08036341327152363, 0.05216670977993855, 0.08036341327152363], [0.08036341327152363, 0.050679212554993934, 0.01200514980580795], [0.08036341327152363, 0.04922617887947216, 0.011718533146644838], [0.08036341327152363, 0.047807079894787725, 0.08036341327152363]]
[0, 2, 1] 
 [99.9579, 99.9986, 99.9894]
________________________________________________________________________________
[0, 3, 0] 
 [99.9579, 99.9986, 99.9894]
________________________________________________________________________________
[0, 2, 1] 
 [99.9579, 99.9986, 99.9894]
________________________________________________________________________________
[0, 3, 0] 
 [99.9579, 99.9986, 99.9894]
________________________________________________________________________________
[0, 3, 0] 
 [99.9579, 99.9985, 99.9894]
________________________________________________________________________________
cost ==> 0.017405464180412555
cost ==> 0.046421390127802886
cost ==> 0.011163460595011299
cost ==> 0.018445220173652712
cost ==> 0.04506858749117028
cost ==> 0.010894829872194249
cost ==> 0.019534479095387042
cost ==> 0.04374815324711485
cost ==> 0.010632020548193037
cost ==> 0.020674760397050292
cost ==> 0.042459572070855656
cost ==> 0.010374946671873442
cost ==> 0.02130823702730721
cost ==> 0.041202332067765926
cost ==> 0.01012352291008389
[[18.99199966 18.99974437 18.9979858 ]
 [18.99199966 18.99974101 18.9979854 ]
 [18.99199966 18.99973613 18.9979854 ]
 [18.99199966 18.99973297 18.99798501]
 [18.99199966 18.99972837 18.99798501]
 [18.99199966 18.99972391 18.99798501]]
Costs calculated [[0.08036341327152363, 0.0464213901365736, 0.011163460569461124], [0.08036341327152363, 0.04506858750188679, 0.08036341327152363], [0.08036341327152363, 0.04374815323281116, 0.010632020508687117], [0.08036341327152363, 0.04245957208042934, 0.08036341327152363], [0.08036341327152363, 0.0412023320588649, 0.08036341327152363]]
[0, 3, 0] 
 [99.9579, 99.9985, 99.9894]
________________________________________________________________________________
[0, 3, 0] 
 [99.9579, 99.9985, 99.9894]
________________________________________________________________________________
[0, 2, 1] 
 [99.9579, 99.9985, 99.9894]
________________________________________________________________________________
[0, 2, 1] 
 [99.9579, 99.9985, 99.9894]
________________________________________________________________________________
[0, 3, 0] 
 [99.9579, 99.9984, 99.9894]
________________________________________________________________________________
cost ==> 0.02045089927760728
cost ==> 0.03997592479889361
cost ==> 0.009877664552627384
cost ==> 0.019622839287125063
cost ==> 0.03877984530708527
cost ==> 0.009637287517339492
cost ==> 0.018823381800817388
cost ==> 0.0376135921437357
cost ==> 0.009402308355275158
cost ==> 0.018051858469018904
cost ==> 0.036476667396184846
cost ==> 0.00917264425600694
cost ==> 0.017307607927971463
cost ==> 0.03536857671578534
cost ==> 0.00894821305303736
[[18.99199966 18.99972391 18.99798501]
 [18.99199966 18.99971958 18.99798501]
 [18.99199966 18.99971538 18.99798501]
 [18.99199966 18.99971266 18.99798467]
 [18.99199966 18.99971003 18.99798434]
 [18.99199966 18.9997062  18.99798434]]
Costs calculated [[0.08036341327152363, 0.039975924789623286, 0.08036341327152363], [0.08036341327152363, 0.038779845304825596, 0.08036341327152363], [0.08036341327152363, 0.0376135921291945, 0.009402308352904057], [0.08036341327152363, 0.03647666737843736, 0.009172644219507399], [0.08036341327152363, 0.03536857671005474, 0.08036341327152363]]
[0, 3, 0] 
 [99.9579, 99.9984, 99.9894]
________________________________________________________________________________
[0, 3, 0] 
 [99.9579, 99.9984, 99.9894]
________________________________________________________________________________
[0, 3, 0] 
 [99.9579, 99.9984, 99.9894]
________________________________________________________________________________
[0, 3, 0] 
 [99.9579, 99.9984, 99.9894]
________________________________________________________________________________
[0, 3, 0] 
 [99.9579, 99.9983, 99.9894]
________________________________________________________________________________
cost ==> 0.01658997588317518
cost ==> 0.034288829346665134
cost ==> 0.008728933229328415
cost ==> 0.015898315195696018
cost ==> 0.033236938155207375
cost ==> 0.00851472392295052
cost ==> 0.015231985971572774
cost ==> 0.03221241966027869
cost ==> 0.00830550493285438
cost ==> 0.014590355654471289
cost ==> 0.03121479406422585
cost ==> 0.008101196724768446
cost ==> 0.013972799121741033
cost ==> 0.03024358528467524
cost ==> 0.007901720437224525
[[18.99199966 18.9997062  18.99798434]
 [18.99199966 18.99970248 18.99798434]
 [18.99199966 18.99969888 18.99798434]
 [18.99199966 18.99969539 18.99798434]
 [18.99199966 18.99969201 18.99798434]
 [18.99199966 18.99968873 18.99798434]]
Costs calculated [[0.08036341327152363, 0.034288829356134705, 0.08036341327152363], [0.08036341327152363, 0.033236938139750045, 0.08036341327152363], [0.08036341327152363, 0.03221241967172454, 0.08036341327152363], [0.08036341327152363, 0.031214794071880783, 0.08036341327152363], [0.08036341327152363, 0.030243585296983906, 0.08036341327152363]]
[0, 3, 0] 
 [99.9579, 99.9983, 99.9894]
________________________________________________________________________________
[0, 3, 0] 
 [99.9579, 99.9983, 99.9894]
________________________________________________________________________________
[0, 3, 0] 
 [99.9579, 99.9983, 99.9894]
________________________________________________________________________________
[0, 3, 0] 
 [99.9579, 99.9983, 99.9894]
________________________________________________________________________________
[0, 2, 1] 
 [99.9579, 99.9983, 99.9894]
________________________________________________________________________________
cost ==> 0.013378698784036143
cost ==> 0.02929832098715817
cost ==> 0.007706997887714861
cost ==> 0.012807444688669185
cost ==> 0.02837853261859742
cost ==> 0.0075169515789832485
cost ==> 0.01225843462687169
cost ==> 0.027483755441681777
cost ==> 0.0073315047054536425
cost ==> 0.011731074245143733
cost ==> 0.026613528570162262
cost ==> 0.00715058115979832
cost ==> 0.011224777160878116
cost ==> 0.025767395005105165
cost ==> 0.0069741055396494705
[[18.99199966 18.99968873 18.99798434]
 [18.99199966 18.99968556 18.99798434]
 [18.99199966 18.99968248 18.99798434]
 [18.99199966 18.99967951 18.99798434]
 [18.99199966 18.99967662 18.99798434]
 [18.99199966 18.99967476 18.99798409]]
Costs calculated [[0.08036341327152363, 0.029298320976769727, 0.08036341327152363], [0.08036341327152363, 0.02837853261071103, 0.08036341327152363], [0.08036341327152363, 0.027483755436840028, 0.08036341327152363], [0.08036341327152363, 0.026613528562925898, 0.08036341327152363], [0.08036341327152363, 0.02576739499926916, 0.006974105538253354]]
[0, 2, 1] 
 [99.9579, 99.9983, 99.9894]
________________________________________________________________________________
[0, 2, 1] 
 [99.9579, 99.9983, 99.9894]
________________________________________________________________________________
[0, 3, 0] 
 [99.9579, 99.9983, 99.9894]
________________________________________________________________________________
[0, 3, 0] 
 [99.9579, 99.9982, 99.9894]
________________________________________________________________________________
[0, 3, 0] 
 [99.9579, 99.9982, 99.9894]
________________________________________________________________________________
cost ==> 0.01073896508245285
cost ==> 0.024944901672132827
cost ==> 0.006802003154455896
cost ==> 0.010273067933988429
cost ==> 0.02414559945969106
cost ==> 0.006634200032488996
cost ==> 0.00982652398497179
cost ==> 0.02336904325837827
cost ==> 0.006470622927999573
cost ==> 0.009398779984951668
cost ==> 0.02261479200137401
cost ==> 0.006311199328528775
cost ==> 0.008989291303511643
cost ==> 0.021882408706008136
cost ==> 0.0061558574623759915
[[18.99199966 18.99967476 18.99798409]
 [18.99199966 18.99967296 18.99798384]
 [18.99199966 18.99967122 18.9979836 ]
 [18.99199966 18.99966869 18.9979836 ]
 [18.99199966 18.99966624 18.9979836 ]
 [18.99199966 18.99966386 18.9979836 ]]
Costs calculated [[0.08036341327152363, 0.02494490169149605, 0.006802003119044937], [0.08036341327152363, 0.024145599454969767, 0.006634200043187952], [0.08036341327152363, 0.023369043269939903, 0.08036341327152363], [0.08036341327152363, 0.022614791986393, 0.08036341327152363], [0.08036341327152363, 0.021882408717585147, 0.08036341327152363]]
[0, 3, 0] 
 [99.9579, 99.9982, 99.9894]
________________________________________________________________________________
[0, 3, 0] 
 [99.9579, 99.9982, 99.9894]
________________________________________________________________________________
[0, 3, 0] 
 [99.9579, 99.9982, 99.9894]
________________________________________________________________________________
[0, 3, 0] 
 [99.9579, 99.9982, 99.9894]
________________________________________________________________________________
[0, 2, 1] 
 [99.9579, 99.9982, 99.9894]
________________________________________________________________________________
cost ==> 0.00859752207572825
cost ==> 0.021171460516508415
cost ==> 0.006004526306225494
cost ==> 0.008222945353320183
cost ==> 0.020481518747969468
cost ==> 0.005857135592935092
cost ==> 0.007865043261690557
cost ==> 0.019812158931585718
cost ==> 0.00571361581948848
cost ==> 0.007523307163059555
cost ==> 0.019162960861190726
cost ==> 0.005573898255113655
cost ==> 0.007197237825874919
cost ==> 0.018533508641148753
cost ==> 0.005437914949569559
[[18.99199966 18.99966386 18.9979836 ]
 [18.99199966 18.99966157 18.9979836 ]
 [18.99199966 18.99965935 18.9979836 ]
 [18.99199966 18.99965721 18.9979836 ]
 [18.99199966 18.99965513 18.9979836 ]
 [18.99199966 18.99965379 18.99798341]]
Costs calculated [[0.08036341327152363, 0.021171460512098145, 0.08036341327152363], [0.08036341327152363, 0.02048151874737209, 0.08036341327152363], [0.08036341327152363, 0.019812158932939083, 0.08036341327152363], [0.08036341327152363, 0.01916296087439515, 0.08036341327152363], [0.08036341327152363, 0.01853350862420865, 0.00543791493762128]]
[0, 3, 0] 
 [99.9579, 99.9982, 99.9894]
________________________________________________________________________________
[0, 3, 0] 
 [99.9579, 99.9982, 99.9894]
________________________________________________________________________________
[0, 2, 1] 
 [99.9579, 99.9981, 99.9894]
________________________________________________________________________________
[0, 3, 0] 
 [99.9579, 99.9981, 99.9894]
________________________________________________________________________________
[0, 3, 0] 
 [99.9579, 99.9981, 99.9894]
________________________________________________________________________________
cost ==> 0.006886345600676196
cost ==> 0.017923390735643124
cost ==> 0.0053055987416024885
cost ==> 0.006590150602572912
cost ==> 0.01733220001940901
cost ==> 0.0051768832675738825
cost ==> 0.006308182900476084
cost ==> 0.016759533829955504
cost ==> 0.005051702970261031
cost ==> 0.006039982713197564
cost ==> 0.016204994021327117
cost ==> 0.004929993107831809
cost ==> 0.0057851006125009
cost ==> 0.015668187019451205
cost ==> 0.004811689762993882
[[18.99199966 18.99965379 18.99798341]
 [18.99199966 18.99965185 18.99798341]
 [18.99199966 18.99964997 18.99798341]
 [18.99199966 18.99964876 18.99798323]
 [18.99199966 18.99964701 18.99798323]
 [18.99199966 18.99964531 18.99798323]]
Costs calculated [[0.08036341327152363, 0.01792339072767814, 0.08036341327152363], [0.08036341327152363, 0.0173322000261661, 0.08036341327152363], [0.08036341327152363, 0.016759533837468008, 0.00505170295669923], [0.08036341327152363, 0.016204994021401117, 0.08036341327152363], [0.08036341327152363, 0.015668187028996024, 0.08036341327152363]]
[0, 2, 1] 
 [99.9579, 99.9981, 99.9894]
________________________________________________________________________________
[0, 2, 1] 
 [99.9579, 99.9981, 99.9894]
________________________________________________________________________________
[0, 3, 0] 
 [99.9579, 99.9981, 99.9894]
________________________________________________________________________________
[0, 3, 0] 
 [99.9579, 99.9981, 99.9894]
________________________________________________________________________________
[0, 2, 1] 
 [99.9579, 99.9981, 99.9893]
________________________________________________________________________________
cost ==> 0.005543097733150684
cost ==> 0.015148723879120168
cost ==> 0.00469672985231939
cost ==> 0.005313545989963508
cost ==> 0.014646220342657196
cost ==> 0.004585051135744918
cost ==> 0.00509602830181343
cost ==> 0.014160296900313089
cost ==> 0.004476592226246628
cost ==> 0.004890138822485489
cost ==> 0.013690578852443049
cost ==> 0.004371292599689995
cost ==> 0.004695483178205037
cost ==> 0.013236696373509558
cost ==> 0.004269092604852852
[[18.99199966 18.99964531 18.99798323]
 [18.99199966 18.99964421 18.99798306]
 [18.99199966 18.99964316 18.99798289]
 [18.99199966 18.99964162 18.99798289]
 [18.99199966 18.99964014 18.99798289]
 [18.99199966 18.99963918 18.99798274]]
Costs calculated [[0.08036341327152363, 0.01514872390249667, 0.0046967298865089185], [0.08036341327152363, 0.014646220340949095, 0.004585051147120165], [0.08036341327152363, 0.014160296896967732, 0.08036341327152363], [0.08036341327152363, 0.013690578845557884, 0.08036341327152363], [0.08036341327152363, 0.013236696364484811, 0.004269092600989671]]
[0, 3, 0] 
 [99.9579, 99.9981, 99.9894]
________________________________________________________________________________
[0, 3, 0] 
 [99.9579, 99.9981, 99.9894]
________________________________________________________________________________
[0, 3, 0] 
 [99.9579, 99.9981, 99.9894]
________________________________________________________________________________
[0, 3, 0] 
 [99.9579, 99.9981, 99.9894]
________________________________________________________________________________
[0, 3, 0] 
 [99.9579, 99.9981, 99.9894]
________________________________________________________________________________
cost ==> 0.004511678711593975
cost ==> 0.012798284577958246
cost ==> 0.004169933473620575
cost ==> 0.004338354731722332
cost ==> 0.012374983588010693
cost ==> 0.004073757331350733
cost ==> 0.004175152769828873
cost ==> 0.011966438603417085
cost ==> 0.003980507207405205
cost ==> 0.004021726840184721
cost ==> 0.011572299973209382
cost ==> 0.0038901270458461526
cost ==> 0.0038777437054623824
cost ==> 0.011192223269491609
cost ==> 0.0038025617162920026
[[18.99199966 18.99963918 18.99798274]
 [18.99199966 18.9996378  18.99798274]
 [18.99199966 18.99963646 18.99798274]
 [18.99199966 18.99963516 18.99798274]
 [18.99199966 18.99963391 18.99798274]
 [18.99199966 18.99963269 18.99798274]]
Costs calculated [[0.08036341327152363, 0.01279828456706812, 0.08036341327152363], [0.08036341327152363, 0.012374983584167712, 0.08036341327152363], [0.08036341327152363, 0.011966438596978164, 0.08036341327152363], [0.08036341327152363, 0.011572299984603449, 0.08036341327152363], [0.08036341327152363, 0.01119222327486535, 0.08036341327152363]]
[0, 3, 0] 
 [99.9579, 99.9981, 99.9894]
________________________________________________________________________________
[0, 3, 0] 
 [99.9579, 99.9981, 99.9894]
________________________________________________________________________________
[0, 3, 0] 
 [99.9579, 99.998, 99.9894]
________________________________________________________________________________
[0, 2, 1] 
 [99.9579, 99.998, 99.9894]
________________________________________________________________________________
[0, 2, 1] 
 [99.9579, 99.998, 99.9894]
________________________________________________________________________________
cost ==> 0.0037428831458570177
cost ==> 0.01082586936330209
cost ==> 0.0037177570249290505
cost ==> 0.0036168382310827443
cost ==> 0.0104729045025765
cost ==> 0.0036356597256734266
cost ==> 0.0034993155942393064
cost ==> 0.01013300039223738
cost ==> 0.0035562175314772953
cost ==> 0.0033900357064141668
cost ==> 0.009805834276428874
cost ==> 0.003479379125772598
cost ==> 0.0032887331507546196
cost ==> 0.009491089022910246
cost ==> 0.0034050941740448757
[[18.99199966 18.99963269 18.99798274]
 [18.99199966 18.99963152 18.99798274]
 [18.99199966 18.99963039 18.99798274]
 [18.99199966 18.99962929 18.99798274]
 [18.99199966 18.99962858 18.99798261]
 [18.99199966 18.9996279  18.99798249]]
Costs calculated [[0.08036341327152363, 0.010825869373864146, 0.08036341327152363], [0.08036341327152363, 0.01047290450038984, 0.08036341327152363], [0.08036341327152363, 0.010133000382688441, 0.08036341327152363], [0.08036341327152363, 0.009805834291256355, 0.0034793790807348], [0.08036341327152363, 0.009491089006045995, 0.003405094199890346]]
[0, 3, 0] 
 [99.9579, 99.998, 99.9894]
________________________________________________________________________________
[0, 3, 0] 
 [99.9579, 99.998, 99.9894]
________________________________________________________________________________
[0, 3, 0] 
 [99.9579, 99.998, 99.9894]
________________________________________________________________________________
[0, 3, 0] 
 [99.9579, 99.998, 99.9894]
________________________________________________________________________________
[0, 3, 0] 
 [99.9579, 99.998, 99.9894]
________________________________________________________________________________
cost ==> 0.0031951568946169896
cost ==> 0.009188453209612455
cost ==> 0.003333313335528298
cost ==> 0.0031090705582785027
cost ==> 0.008897621213357118
cost ==> 0.0032639882750131045
cost ==> 0.003030252678585975
cost ==> 0.008618293300723764
cost ==> 0.0031970716747547053
cost ==> 0.00295849696581723
cost ==> 0.008350175721044703
cost ==> 0.00313251724647332
cost ==> 0.0028936125519514514
cost ==> 0.008092980801493389
cost ==> 0.0030702797434322185
[[18.99199966 18.9996279  18.99798249]
 [18.99199966 18.9996269  18.99798249]
 [18.99199966 18.99962594 18.99798249]
 [18.99199966 18.999625   18.99798249]
 [18.99199966 18.9996241  18.99798249]
 [18.99199966 18.99962322 18.99798249]]
Costs calculated [[0.08036341327152363, 0.00918845320999836, 0.08036341327152363], [0.08036341327152363, 0.008897621226687982, 0.08036341327152363], [0.08036341327152363, 0.008618293315472361, 0.08036341327152363], [0.08036341327152363, 0.008350175737080719, 0.08036341327152363], [0.08036341327152363, 0.008092980786408386, 0.08036341327152363]]
[0, 2, 1] 
 [99.9579, 99.998, 99.9894]
________________________________________________________________________________
[0, 3, 0] 
 [99.9579, 99.998, 99.9894]
________________________________________________________________________________
[0, 3, 0] 
 [99.9579, 99.998, 99.9894]
________________________________________________________________________________
[0, 3, 0] 
 [99.9579, 99.998, 99.9894]
________________________________________________________________________________
[0, 3, 0] 
 [99.9579, 99.998, 99.9894]
________________________________________________________________________________
cost ==> 0.0028354242284864186
cost ==> 0.007846427044219832
cost ==> 0.0030103149725808458
cost ==> 0.0027837726719082433
cost ==> 0.007610239225473721
cost ==> 0.0029525798067490754
cost ==> 0.0027385146549164067
cost ==> 0.007384148496640144
cost ==> 0.002897032196877006
cost ==> 0.002699523241536363
cost ==> 0.007167892487097325
cost ==> 0.002843631184264142
cost ==> 0.002666687964316051
cost ==> 0.0069612154087882365
cost ==> 0.0027923369128206713
[[18.99199966 18.99962322 18.99798249]
 [18.99199966 18.99962265 18.99798238]
 [18.99199966 18.99962183 18.99798238]
 [18.99199966 18.99962103 18.99798238]
 [18.99199966 18.99962025 18.99798238]
 [18.99199966 18.9996195  18.99798238]]
Costs calculated [[0.08036341327152363, 0.007846427054871851, 0.003010315014871208], [0.08036341327152363, 0.007610239233642467, 0.08036341327152363], [0.08036341327152363, 0.0073841485071790315, 0.08036341327152363], [0.08036341327152363, 0.007167892487639022, 0.08036341327152363], [0.08036341327152363, 0.006961215411644881, 0.08036341327152363]]
[0, 3, 0] 
 [99.9579, 99.998, 99.9894]
________________________________________________________________________________
[0, 3, 0] 
 [99.9579, 99.998, 99.9894]
________________________________________________________________________________
[0, 3, 0] 
 [99.9579, 99.998, 99.9894]
________________________________________________________________________________
[0, 3, 0] 
 [99.9579, 99.998, 99.9894]
________________________________________________________________________________
[0, 3, 0] 
 [99.9579, 99.998, 99.9894]
________________________________________________________________________________
cost ==> 0.002639914981902147
cost ==> 0.006763868162379737
cost ==> 0.002743110641302321
cost ==> 0.002619127215428052
cost ==> 0.006575608444863238
cost ==> 0.0026959147555097015
cost ==> 0.0026042644623151734
cost ==> 0.0063962008584306325
cost ==> 0.0026507127804314993
cost ==> 0.0025952834862923236
cost ==> 0.006225417020437754
cost ==> 0.0026074693923105303
cost ==> 0.002592158082668537
cost ==> 0.006063035674245659
cost ==> 0.002566150430610261
[[18.99199966 18.9996195  18.99798238]
 [18.99199966 18.99961877 18.99798238]
 [18.99199966 18.99961805 18.99798238]
 [18.99199966 18.99961736 18.99798238]
 [18.99199966 18.99961669 18.99798238]
 [18.99199966 18.99961603 18.99798238]]
Costs calculated [[0.08036341327152363, 0.006763868173078396, 0.08036341327152363], [0.08036341327152363, 0.006575608454258228, 0.08036341327152363], [0.08036341327152363, 0.006396200857117431, 0.08036341327152363], [0.08036341327152363, 0.006225417034380978, 0.08036341327152363], [0.08036341327152363, 0.00606303568956576, 0.08036341327152363]]
[0, 3, 0] 
 [99.9579, 99.998, 99.9894]
________________________________________________________________________________
[0, 3, 0] 
 [99.9579, 99.998, 99.9894]
________________________________________________________________________________
[0, 3, 0] 
 [99.9579, 99.998, 99.9894]
________________________________________________________________________________
[0, 3, 0] 
 [99.9579, 99.998, 99.9894]
________________________________________________________________________________
[0, 2, 1] 
 [99.9579, 99.998, 99.9894]
________________________________________________________________________________
cost ==> 0.0025948791181497955
cost ==> 0.005908842800706862
cost ==> 0.0025267229098588253
cost ==> 0.002603454544762255
cost ==> 0.005762631730041571
cost ==> 0.002489155031346827
cost ==> 0.002617909387728476
cost ==> 0.005624203253824473
cost ==> 0.0024534161946542154
cost ==> 0.0026382857074302955
cost ==> 0.0054933657367808465
cost ==> 0.002419477008981118
cost ==> 0.0026646425358764925
cost ==> 0.005369935228067232
cost ==> 0.0023873093042570803
[[18.99199966 18.99961603 18.99798238]
 [18.99199966 18.99961539 18.99798238]
 [18.99199966 18.99961477 18.99798238]
 [18.99199966 18.99961416 18.99798238]
 [18.99199966 18.99961356 18.99798238]
 [18.99199966 18.99961317 18.99798229]]
Costs calculated [[0.08036341327152363, 0.005908842806541256, 0.08036341327152363], [0.08036341327152363, 0.005762631715118291, 0.08036341327152363], [0.08036341327152363, 0.005624203255020944, 0.08036341327152363], [0.08036341327152363, 0.005493365743092167, 0.08036341327152363], [0.08036341327152363, 0.005369935235648831, 0.0023873092709417085]]
[0, 2, 1] 
 [99.9579, 99.998, 99.9894]
________________________________________________________________________________
[0, 2, 1] 
 [99.9579, 99.998, 99.9893]
________________________________________________________________________________
[0, 3, 0] 
 [99.9579, 99.998, 99.9893]
________________________________________________________________________________
[0, 3, 0] 
 [99.9579, 99.998, 99.9893]
________________________________________________________________________________
[0, 2, 1] 
 [99.9579, 99.998, 99.9893]
________________________________________________________________________________
cost ==> 0.002697055788366303
cost ==> 0.005253735571690529
cost ==> 0.002356886142002282
cost ==> 0.002735618151296604
cost ==> 0.0051445985156989525
cost ==> 0.002328181825914558
cost ==> 0.0027804389472930054
cost ==> 0.005042363819758269
cost ==> 0.0023011719121553407
cost ==> 0.002831643979049964
cost ==> 0.004946879360711072
cost ==> 0.002275833219307995
cost ==> 0.002889375353437425
cost ==> 0.004858001235700453
cost ==> 0.002252143837981647
[[18.99199966 18.99961317 18.99798229]
 [18.99199966 18.99961279 18.99798221]
 [18.99199966 18.99961242 18.99798212]
 [18.99199966 18.99961188 18.99798212]
 [18.99199966 18.99961134 18.99798212]
 [18.99199966 18.99961099 18.99798204]]
Costs calculated [[0.08036341327152363, 0.005253735594070489, 0.00235688615323217], [0.08036341327152363, 0.005144598533990948, 0.0023281817890317734], [0.08036341327152363, 0.005042363805667365, 0.08036341327152363], [0.08036341327152363, 0.00494687935795215, 0.08036341327152363], [0.08036341327152363, 0.004858001256307017, 0.0022521438189612515]]
[0, 3, 0] 
 [99.9579, 99.9979, 99.9894]
________________________________________________________________________________
[0, 2, 1] 
 [99.9579, 99.9979, 99.9894]
________________________________________________________________________________
[0, 3, 0] 
 [99.9579, 99.9979, 99.9894]
________________________________________________________________________________
[0, 2, 1] 
 [99.9579, 99.9979, 99.9894]
________________________________________________________________________________
[0, 2, 1] 
 [99.9579, 99.9979, 99.9894]
________________________________________________________________________________
cost ==> 0.002953791287570103
cost ==> 0.004775593862429059
cost ==> 0.002230083140034298
cost ==> 0.003025065898636931
cost ==> 0.004699530076114368
cost ==> 0.0022096317873890347
cost ==> 0.0031033889793554517
cost ==> 0.004629691222697125
cost ==> 0.0021907717404177833
cost ==> 0.003188965760947203
cost ==> 0.004565967247857633
cost ==> 0.002173486265867802
cost ==> 0.0032820166655297377
cost ==> 0.004508256781398578
cost ==> 0.0021577599443068024
[[18.99199966 18.99961099 18.99798204]
 [18.99199966 18.99961047 18.99798204]
 [18.99199966 18.99961013 18.99798196]
 [18.99199966 18.99960963 18.99798196]
 [18.99199966 18.9996093  18.99798188]
 [18.99199966 18.99960898 18.99798181]]
Costs calculated [[0.08036341327152363, 0.004775593846774886, 0.08036341327152363], [0.08036341327152363, 0.004699530067526503, 0.002209631774165886], [0.08036341327152363, 0.0046296912192997745, 0.08036341327152363], [0.08036341327152363, 0.004565967227754814, 0.0021734862993237902], [0.08036341327152363, 0.004508256758254277, 0.0021577599506729943]]
[0, 3, 0] 
 [99.9579, 99.9979, 99.9894]
________________________________________________________________________________
[0, 3, 0] 
 [99.9579, 99.9979, 99.9894]
________________________________________________________________________________
[0, 2, 1] 
 [99.9579, 99.9979, 99.9894]
________________________________________________________________________________
[0, 3, 0] 
 [99.9579, 99.9979, 99.9894]
________________________________________________________________________________
[0, 2, 1] 
 [99.9579, 99.9979, 99.9894]
________________________________________________________________________________
cost ==> 0.003382777049790388
cost ==> 0.004456467216559901
cost ==> 0.0021435786770637845
cost ==> 0.003491496941750424
cost ==> 0.00441051478384422
cost ==> 0.002130929692643567
cost ==> 0.003608440772349759
cost ==> 0.004370324618947995
cost ==> 0.0021198015525946885
cost ==> 0.003733887103485313
cost ==> 0.00433583082441572
cost ==> 0.0021101841568113592
cost ==> 0.0038681283540256324
cost ==> 0.004306976524661226
cost ==> 0.0021020687482520826
[[18.99199966 18.99960898 18.99798181]
 [18.99199966 18.99960849 18.99798181]
 [18.99199966 18.99960802 18.99798181]
 [18.99199966 18.9996077  18.99798173]
 [18.99199966 18.99960723 18.99798173]
 [18.99199966 18.99960692 18.99798165]]
Costs calculated [[0.08036341327152363, 0.004456467232260549, 0.08036341327152363], [0.08036341327152363, 0.004410514794541369, 0.08036341327152363], [0.08036341327152363, 0.0043703246247164445, 0.002119801569653854], [0.08036341327152363, 0.004335830838874309, 0.08036341327152363], [0.08036341327152363, 0.0043069765059695194, 0.002102068795183627]]
[0, 3, 0] 
 [99.9579, 99.9979, 99.9894]
________________________________________________________________________________
[0, 3, 0] 
 [99.9579, 99.9979, 99.9894]
________________________________________________________________________________
[0, 3, 0] 
 [99.9579, 99.9979, 99.9894]
________________________________________________________________________________
[0, 2, 1] 
 [99.9579, 99.9979, 99.9894]
________________________________________________________________________________
[0, 3, 0] 
 [99.9579, 99.9979, 99.9894]
________________________________________________________________________________
cost ==> 0.004011470525203223
cost ==> 0.004168714731026217
cost ==> 0.00209544791705923
cost ==> 0.0041642329266590285
cost ==> 0.004033660701372784
cost ==> 0.0020903156040655425
cost ==> 0.0043267479042829364
cost ==> 0.003901769098432366
cost ==> 0.002086667103675747
cost ==> 0.004499360570864077
cost ==> 0.0037729948069070577
cost ==> 0.0020844990661133002
cost ==> 0.004682428540436579
cost ==> 0.0036472929344722156
cost ==> 0.0020838094990245377
[[18.99199966 18.99960692 18.99798165]
 [18.99199966 18.99960647 18.99798165]
 [18.99199966 18.99960603 18.99798165]
 [18.99199966 18.99960561 18.99798165]
 [18.99199966 18.99960534 18.99798158]
 [18.99199966 18.99960494 18.99798158]]
Costs calculated [[0.08036341327152363, 0.004168714739710886, 0.08036341327152363], [0.08036341327152363, 0.004033660690242746, 0.08036341327152363], [0.08036341327152363, 0.003901769101319295, 0.08036341327152363], [0.08036341327152363, 0.003772994815077872, 0.0020844990415814398], [0.08036341327152363, 0.003647292936010862, 0.08036341327152363]]
[0, 2, 1] 
 [99.9579, 99.9979, 99.9894]
________________________________________________________________________________
[0, 2, 1] 
 [99.9579, 99.9979, 99.9893]
________________________________________________________________________________
[0, 2, 1] 
 [99.9579, 99.9979, 99.9893]
________________________________________________________________________________
[0, 3, 0] 
 [99.9579, 99.9979, 99.9893]
________________________________________________________________________________
[0, 2, 1] 
 [99.9579, 99.9979, 99.9893]
________________________________________________________________________________
cost ==> 0.004876321667082884
cost ==> 0.00352461881279333
cost ==> 0.0020845977684346415
cost ==> 0.005081421788838926
cost ==> 0.003404927998557201
cost ==> 0.002086864599052174
cost ==> 0.0052981224772361895
cost ==> 0.003288176274518165
cost ==> 0.002090612073920952
cost ==> 0.005526828792911895
cost ==> 0.003174319650559421
cost ==> 0.00209584363342072
cost ==> 0.005767957047626604
cost ==> 0.0030633143647698486
cost ==> 0.002102564073619843
[[18.99199966 18.99960494 18.99798158]
 [18.99199966 18.99960469 18.9979815 ]
 [18.99199966 18.99960444 18.99798143]
 [18.99199966 18.9996042  18.99798135]
 [18.99199966 18.99960386 18.99798135]
 [18.99199966 18.99960364 18.99798128]]
Costs calculated [[0.08036341327152363, 0.00352461879817132, 0.0020845977198739223], [0.08036341327152363, 0.003404927981570157, 0.0020868645658730155], [0.08036341327152363, 0.003288176262984571, 0.0020906120781750614], [0.08036341327152363, 0.0031743196487524256, 0.08036341327152363], [0.08036341327152363, 0.0030633143583750633, 0.002102564055925758]]
[0, 3, 0] 
 [99.9579, 99.9979, 99.9894]
________________________________________________________________________________
[0, 2, 1] 
 [99.9579, 99.9979, 99.9894]
________________________________________________________________________________
[0, 3, 0] 
 [99.9579, 99.9979, 99.9894]
________________________________________________________________________________
[0, 3, 0] 
 [99.9579, 99.9979, 99.9894]
________________________________________________________________________________
[0, 2, 1] 
 [99.9579, 99.9979, 99.9894]
________________________________________________________________________________
cost ==> 0.006021934572942574
cost ==> 0.002955116884536929
cost ==> 0.002110779543985904
cost ==> 0.0062891994957406955
cost ==> 0.00284968390765592
cost ==> 0.0021204975444620517
cost ==> 0.006570200520686466
cost ==> 0.002746972363455844
cost ==> 0.0021317269219191305
cost ==> 0.0068653967196960425
cost ==> 0.002646939413942716
cost ==> 0.002144477865995648
cost ==> 0.007175257328402577
cost ==> 0.00254954245496032
cost ==> 0.002158761904339733
[[18.99199966 18.99960364 18.99798128]
 [18.99199966 18.99960332 18.99798128]
 [18.99199966 18.99960311 18.9979812 ]
 [18.99199966 18.99960281 18.9979812 ]
 [18.99199966 18.99960253 18.9979812 ]
 [18.99199966 18.99960234 18.99798112]]
Costs calculated [[0.08036341327152363, 0.0029551168901060625, 0.08036341327152363], [0.08036341327152363, 0.0028496839225681005, 0.0021204975320078135], [0.08036341327152363, 0.002746972363944518, 0.08036341327152363], [0.08036341327152363, 0.0026469394011708978, 0.08036341327152363], [0.08036341327152363, 0.0025495424343462978, 0.0021587618846018496]]
[0, 3, 0] 
 [99.9579, 99.9979, 99.9894]
________________________________________________________________________________
[0, 3, 0] 
 [99.9579, 99.9979, 99.9894]
________________________________________________________________________________
[0, 3, 0] 
 [99.9579, 99.9979, 99.9894]
________________________________________________________________________________
[0, 2, 1] 
 [99.9579, 99.9979, 99.9894]
________________________________________________________________________________
[0, 2, 1] 
 [99.9579, 99.9979, 99.9894]
________________________________________________________________________________
cost ==> 0.007500261549578398
cost ==> 0.002454739117369169
cost ==> 0.0021745918972687255
cost ==> 0.00784089836343193
cost ==> 0.0023624872682440723
cost ==> 0.0021919820318642637
cost ==> 0.008197666344666983
cost ==> 0.002272745012090709
cost ==> 0.0022109478155219004
cost ==> 0.008571073486165903
cost ==> 0.0021854706920818776
cost ==> 0.002231506068975896
cost ==> 0.008961637029138334
cost ==> 0.0021006228913138525
cost ==> 0.0022536749188212025
[[18.99199966 18.99960234 18.99798112]
 [18.99199966 18.99960208 18.99798112]
 [18.99199966 18.99960182 18.99798112]
 [18.99199966 18.99960157 18.99798112]
 [18.99199966 18.99960142 18.99798104]
 [18.99199966 18.99960126 18.99798096]]
Costs calculated [[0.08036341327152363, 0.0024547391095276322, 0.08036341327152363], [0.08036341327152363, 0.0023624872695381036, 0.08036341327152363], [0.08036341327152363, 0.0022727450195559615, 0.08036341327152363], [0.08036341327152363, 0.002185470694320123, 0.0022315060854260875], [0.08036341327152363, 0.0021006229073217433, 0.002253674955816591]]
[0, 3, 0] 
 [99.9579, 99.9979, 99.9894]
________________________________________________________________________________
[0, 2, 1] 
 [99.9579, 99.9979, 99.9894]
________________________________________________________________________________
[0, 3, 0] 
 [99.9579, 99.9979, 99.9894]
________________________________________________________________________________
[0, 2, 1] 
 [99.9579, 99.9979, 99.9894]
________________________________________________________________________________
[0, 2, 1] 
 [99.9579, 99.9979, 99.9894]
________________________________________________________________________________
cost ==> 0.009369883299560535
cost ==> 0.0020181604340833996
cost ==> 0.0022774737895557124
cost ==> 0.009796347550718
cost ==> 0.0019380423871861454
cost ==> 0.0023029233951668334
cost ==> 0.008848293671844974
cost ==> 0.0018602280612367225
cost ==> 0.002330045730287256
cost ==> 0.00796795378439988
cost ==> 0.00178467701201148
cost ==> 0.002358864060945692
cost ==> 0.007152316436420263
cost ==> 0.0017113490418143237
cost ==> 0.0023894029149384216
[[18.99199966 18.99960126 18.99798096]
 [18.99199966 18.99960105 18.99798096]
 [18.99199966 18.99960091 18.99798088]
 [18.99199966 18.9996007  18.99798088]
 [18.99199966 18.99960058 18.99798079]
 [18.99199966 18.99960045 18.99798071]]
Costs calculated [[0.08036341327152363, 0.0020181604360238834, 0.08036341327152363], [0.08036341327152363, 0.0019380424022306044, 0.0023029233927999646], [0.08036341327152363, 0.0018602280753206822, 0.08036341327152363], [0.08036341327152363, 0.0017846770034251314, 0.002358864047940115], [0.08036341327152363, 0.0017113490462215865, 0.0023894029626090273]]
[0, 2, 1] 
 [99.9579, 99.9979, 99.9894]
________________________________________________________________________________
[0, 3, 0] 
 [99.9579, 99.9979, 99.9894]
________________________________________________________________________________
[0, 3, 0] 
 [99.9579, 99.9979, 99.9894]
________________________________________________________________________________
[0, 2, 1] 
 [99.9579, 99.9979, 99.9894]
________________________________________________________________________________
[0, 3, 0] 
 [99.9579, 99.9979, 99.9894]
________________________________________________________________________________
cost ==> 0.006398417644695708
cost ==> 0.0016402042008663504
cost ==> 0.0024216880718483515
cost ==> 0.005703341601925262
cost ==> 0.0015712027887200446
cost ==> 0.002455746552738053
cost ==> 0.005064221417631129
cost ==> 0.0015043053556987422
cost ==> 0.0024916066095436802
cost ==> 0.004478239895631959
cost ==> 0.00143947270436208
cost ==> 0.002529297714196278
cost ==> 0.0039426303512180814
cost ==> 0.0013766658909983532
cost ==> 0.002568850547497037
[[18.99199966 18.99960045 18.99798071]
 [18.99199966 18.99960033 18.99798062]
 [18.99199966 18.99960016 18.99798062]
 [18.99199966 18.9996     18.99798062]
 [18.99199966 18.9995999  18.99798053]
 [18.99199966 18.99959975 18.99798053]]
Costs calculated [[0.08036341327152363, 0.0016402042109623957, 0.0024216880796839946], [0.08036341327152363, 0.0015712028000493374, 0.08036341327152363], [0.08036341327152363, 0.0015043053454448566, 0.08036341327152363], [0.08036341327152363, 0.0014394726906580182, 0.0025292976922760605], [0.08036341327152363, 0.0013766658759641727, 0.08036341327152363]]
[0, 2, 1] 
 [99.9579, 99.9979, 99.9894]
________________________________________________________________________________
[0, 2, 1] 
 [99.9579, 99.9979, 99.9894]
________________________________________________________________________________
[0, 2, 1] 
 [99.9579, 99.9979, 99.9893]
________________________________________________________________________________
[0, 3, 0] 
 [99.9579, 99.9979, 99.9893]
________________________________________________________________________________
[0, 2, 1] 
 [99.9579, 99.9979, 99.9893]
________________________________________________________________________________
cost ==> 0.0034546774715650498
cost ==> 0.0013158462271444223
cost ==> 0.002610296987772479
cost ==> 0.0030117182233836723
cost ==> 0.001256975281134276
cost ==> 0.0026536700993354196
cost ==> 0.002611142812346753
cost ==> 0.0012000148796769447
cost ==> 0.0026990041207766674
cost ==> 0.002250395699473319
cost ==> 0.0011449271094648601
cost ==> 0.0027463344531120947
cost ==> 0.0019269766804153724
cost ==> 0.0010916743188135892
cost ==> 0.0027956976478087014
[[18.99199966 18.99959975 18.99798053]
 [18.99199966 18.99959965 18.99798043]
 [18.99199966 18.99959956 18.99798034]
 [18.99199966 18.99959948 18.99798024]
 [18.99199966 18.99959935 18.99798024]
 [18.99199966 18.99959927 18.99798014]]
Costs calculated [[0.08036341327152363, 0.0013158462039937196, 0.002610297025867621], [0.08036341327152363, 0.0012569753053208676, 0.00265367011993099], [0.08036341327152363, 0.0012000148597113975, 0.0026990040884185555], [0.08036341327152363, 0.0011449271044355674, 0.08036341327152363], [0.08036341327152363, 0.0010916743095580165, 0.002795697599373134]]
[0, 3, 0] 
 [99.9579, 99.9979, 99.9894]
________________________________________________________________________________
[0, 3, 0] 
 [99.9579, 99.9979, 99.9894]
________________________________________________________________________________
[0, 3, 0] 
 [99.9579, 99.9979, 99.9894]
________________________________________________________________________________
[0, 3, 0] 
 [99.9579, 99.9979, 99.9894]
________________________________________________________________________________
[0, 2, 1] 
 [99.9579, 99.9979, 99.9894]
________________________________________________________________________________
cost ==> 0.001638442034508094
cost ==> 0.001040219119333981
cost ==> 0.0028471313947127956
cost ==> 0.0013824057515524676
cost ==> 0.000990524387637872
cost ==> 0.002900674509902361
cost ==> 0.001156540845651602
cost ==> 0.000942553267078417
cost ==> 0.0029563669234847307
cost ==> 0.0009585807670884046
cost ==> 0.00089626916952629
cost ==> 0.003014249667360007
cost ==> 0.0007863209253079606
cost ==> 0.0008516357771830408
cost ==> 0.0030743648629694667
[[18.99199966 18.99959927 18.99798014]
 [18.99199966 18.99959916 18.99798014]
 [18.99199966 18.99959905 18.99798014]
 [18.99199966 18.99959895 18.99798014]
 [18.99199966 18.99959885 18.99798014]
 [18.99199966 18.99959879 18.99798003]]
Costs calculated [[0.08036341327152363, 0.0010402191058815748, 0.08036341327152363], [0.08036341327152363, 0.0009905244029613112, 0.08036341327152363], [0.08036341327152363, 0.0009425532743241999, 0.08036341327152363], [0.08036341327152363, 0.0008962691542354057, 0.08036341327152363], [0.08036341327152363, 0.0008516357721095232, 0.003074364900577533]]
[0, 3, 0] 
 [99.9579, 99.9979, 99.9894]
________________________________________________________________________________
[0, 3, 0] 
 [99.9579, 99.9979, 99.9894]
________________________________________________________________________________
[0, 2, 1] 
 [99.9579, 99.9979, 99.9894]
________________________________________________________________________________
[0, 3, 0] 
 [99.9579, 99.9979, 99.9894]
________________________________________________________________________________
[0, 3, 0] 
 [99.9579, 99.9979, 99.9894]
________________________________________________________________________________
cost ==> 0.0006376203386856487
cost ==> 0.000808617044432823
cost ==> 0.003136755709047022
cost ==> 0.0005104034301077994
cost ==> 0.000767177199733989
cost ==> 0.003201466469391358
cost ==> 0.00040266199173508144
cost ==> 0.0007272807475519605
cost ==> 0.0032685424606746674
cost ==> 0.0003124573480576236
cost ==> 0.0006888924703348984
cost ==> 0.003338030040303332
cost ==> 0.00023792275408893784
cost ==> 0.0006519774305338117
cost ==> 0.003409976594344622
[[18.99199966 18.99959879 18.99798003]
 [18.99199966 18.9995987  18.99798003]
 [18.99199966 18.99959862 18.99798003]
 [18.99199966 18.99959857 18.99797991]
 [18.99199966 18.99959849 18.99797991]
 [18.99199966 18.99959842 18.99797991]]
Costs calculated [[0.08036341327152363, 0.0008086170541274327, 0.08036341327152363], [0.08036341327152363, 0.0007671771888250628, 0.08036341327152363], [0.08036341327152363, 0.0007272807582709142, 0.0032685424310411235], [0.08036341327152363, 0.0006888924757110119, 0.08036341327152363], [0.08036341327152363, 0.0006519774151295719, 0.08036341327152363]]
[0, 3, 0] 
 [99.9579, 99.9979, 99.9894]
________________________________________________________________________________
[0, 3, 0] 
 [99.9579, 99.9979, 99.9894]
________________________________________________________________________________
[0, 3, 0] 
 [99.9579, 99.9979, 99.9894]
________________________________________________________________________________
[0, 3, 0] 
 [99.9579, 99.9979, 99.9894]
________________________________________________________________________________
[0, 3, 0] 
 [99.9579, 99.9979, 99.9894]
________________________________________________________________________________
cost ==> 0.0001772660762303932
cost ==> 0.0006165009726687966
cost ==> 0.003484430525532689
cost ==> 0.00012877281850909466
cost ==> 0.000582428725443184
cost ==> 0.0035614412413658937
cost ==> 9.080957916181942e-05
cost ==> 0.000549726603907534
cost ==> 0.0036410591423066616
cost ==> 6.182805656256894e-05
cost ==> 0.0005183608116754111
cost ==> 0.003723335610094103
cost ==> 4.036977805955814e-05
cost ==> 0.0004882978431931249
cost ==> 0.0038083229961787778
[[18.99199966 18.99959842 18.99797991]
 [18.99199966 18.99959836 18.99797991]
 [18.99199966 18.99959829 18.99797991]
 [18.99199966 18.99959823 18.99797991]
 [18.99199966 18.99959818 18.99797991]
 [18.99199966 18.99959812 18.99797991]]
Costs calculated [[0.08036341327152363, 0.0006165009784546205, 0.08036341327152363], [0.08036341327152363, 0.0005824287315860888, 0.08036341327152363], [0.08036341327152363, 0.0005497266011620994, 0.08036341327152363], [0.08036341327152363, 0.0005183608089702041, 0.08036341327152363], [0.08036341327152363, 0.0004882978391530027, 0.08036341327152363]]
[0, 3, 0] 
 [99.9579, 99.9979, 99.9894]
________________________________________________________________________________
[0, 3, 0] 
 [99.9579, 99.9979, 99.9894]
________________________________________________________________________________
[0, 2, 1] 
 [99.9579, 99.9979, 99.9894]
________________________________________________________________________________
[0, 2, 1] 
 [99.9579, 99.9979, 99.9893]
________________________________________________________________________________
[0, 3, 0] 
 [99.9579, 99.9979, 99.9893]
________________________________________________________________________________
cost ==> 2.507181811382311e-05
cost ==> 0.000459504486065625
cost ==> 0.0038960746102878574
cost ==> 1.4673941645061437e-05
cost ==> 0.0004319478234409398
cost ==> 0.003986644709128288
cost ==> 8.027944678075572e-06
cost ==> 0.00040559523645567646
cost ==> 0.004080088485234788
cost ==> 4.110691751864397e-06
cost ==> 0.00038041440674424216
cost ==> 0.004176462055968461
cost ==> 2.0440256605300124e-06
cost ==> 0.00035637331901462564
cost ==> 0.004275822452671327
[[18.99199966 18.99959812 18.99797991]
 [18.99199966 18.99959807 18.99797991]
 [18.99199966 18.99959803 18.99797991]
 [18.99199966 18.999598   18.99797976]
 [18.99199966 18.99959797 18.99797961]
 [18.99199966 18.99959793 18.99797961]]
Costs calculated [[0.08036341327152363, 0.00045950447100252405, 0.08036341327152363], [0.08036341327152363, 0.00043194781175460734, 0.08036341327152363], [0.08036341327152363, 0.00040559523100013994, 0.004080088449720399], [0.08036341327152363, 0.00038041440987662877, 0.004176462018693768], [0.08036341327152363, 0.0003563733246710099, 0.08036341327152363]]
[0, 2, 1] 
 [99.9579, 99.9979, 99.9894]
________________________________________________________________________________
[0, 2, 1] 
 [99.9579, 99.9979, 99.9893]
________________________________________________________________________________
[0, 3, 0] 
 [99.9579, 99.9979, 99.9893]
________________________________________________________________________________
[0, 3, 0] 
 [99.9579, 99.9979, 99.9893]
________________________________________________________________________________
[0, 2, 1] 
 [99.9579, 99.9979, 99.9893]
________________________________________________________________________________
cost ==> 1.1283509031528693e-06
cost ==> 0.00033344026369375027
cost ==> 0.004378227609981174
cost ==> 9.004882108712212e-07
cost ==> 0.00031158383964561604
cost ==> 0.004483736355310577
cost ==> 1.2102622415979947e-06
cost ==> 0.00029077295696564395
cost ==> 0.004592408398493475
cost ==> 2.2571818165540594e-06
cost ==> 0.00027097683985488207
cost ==> 0.004704304321601398
cost ==> 4.543224101705341e-06
cost ==> 0.00025216502957797396
cost ==> 0.004819485568931969
[[18.99199966 18.99959793 18.99797961]
 [18.99199966 18.99959791 18.99797945]
 [18.99199966 18.99959789 18.99797929]
 [18.99199966 18.99959785 18.99797929]
 [18.99199966 18.99959783 18.99797929]
 [18.99199966 18.99959781 18.99797912]]
Costs calculated [[0.08036341327152363, 0.00033344024681964876, 0.004378227644214779], [0.08036341327152363, 0.0003115838412914827, 0.004483736383170083], [0.08036341327152363, 0.0002907729534245449, 0.08036341327152363], [0.08036341327152363, 0.00027097685488382164, 0.08036341327152363], [0.08036341327152363, 0.0002521650468949665, 0.0048194855839740515]]
[0, 2, 1] 
 [99.9579, 99.9979, 99.9894]
________________________________________________________________________________
[0, 2, 1] 
 [99.9579, 99.9979, 99.9894]
________________________________________________________________________________
[0, 3, 0] 
 [99.9579, 99.9979, 99.9894]
________________________________________________________________________________
[0, 3, 0] 
 [99.9579, 99.9979, 99.9894]
________________________________________________________________________________
[0, 3, 0] 
 [99.9579, 99.9979, 99.9894]
________________________________________________________________________________
cost ==> 8.796670458378445e-06
cost ==> 0.00023430738750906136
cost ==> 0.004938014437170868
cost ==> 1.591826531061806e-05
cost ==> 0.00021737409827010632
cost ==> 0.00505995406572821
cost ==> 2.6950226204816208e-05
cost ==> 0.0002013356729664238
cost ==> 0.005185368427250447
cost ==> 4.3057634258387176e-05
cost ==> 0.00018616295252458327
cost ==> 0.005314322318307408
cost ==> 6.551607140320957e-05
cost ==> 0.00017182711113824105
cost ==> 0.005446881350254563
[[18.99199966 18.99959781 18.99797912]
 [18.99199966 18.99959779 18.99797894]
 [18.99199966 18.99959777 18.99797876]
 [18.99199966 18.99959775 18.99797876]
 [18.99199966 18.99959773 18.99797876]
 [18.99199966 18.99959771 18.99797876]]
Costs calculated [[0.08036341327152363, 0.0002343073750246334, 0.004938014446464183], [0.08036341327152363, 0.00021737411116642987, 0.005059954055757688], [0.08036341327152363, 0.0002013356583914873, 0.08036341327152363], [0.08036341327152363, 0.00018616294448103345, 0.08036341327152363], [0.08036341327152363, 0.00017182711037977264, 0.08036341327152363]]
[0, 2, 1] 
 [99.9579, 99.9979, 99.9894]
________________________________________________________________________________
[0, 3, 0] 
 [99.9579, 99.9979, 99.9894]
________________________________________________________________________________
[0, 3, 0] 
 [99.9579, 99.9979, 99.9894]
________________________________________________________________________________
[0, 3, 0] 
 [99.9579, 99.9979, 99.9894]
________________________________________________________________________________
[0, 3, 0] 
 [99.9579, 99.9979, 99.9894]
________________________________________________________________________________
cost ==> 9.570266598065204e-05
cost ==> 0.000158299659827875
cost ==> 0.00558311194027019
cost ==> 0.00013508919228833642
cost ==> 0.0001455524501208863
cost ==> 0.005723081302566161
cost ==> 0.0001852365170579778
cost ==> 0.00013355767785905502
cost ==> 0.005866857439771528
cost ==> 0.00024778998872303036
cost ==> 0.00012228788714091764
cost ==> 0.006014509134487702
cost ==> 0.00032447551997355864
cost ==> 0.00011171597440728001
cost ==> 0.006166105941012964
[[18.99199966 18.99959771 18.99797876]
 [18.99199966 18.9995977  18.99797855]
 [18.99199966 18.99959769 18.99797855]
 [18.99199966 18.99959767 18.99797855]
 [18.99199966 18.99959766 18.99797855]
 [18.99199966 18.99959765 18.99797855]]
Costs calculated [[0.08036341327152363, 0.00015829965777060042, 0.005583111928400032], [0.08036341327152363, 0.0001455524490746035, 0.08036341327152363], [0.08036341327152363, 0.0001335576746566788, 0.08036341327152363], [0.08036341327152363, 0.00012228788561991446, 0.08036341327152363], [0.08036341327152363, 0.00011171596101120873, 0.08036341327152363]]
[0, 2, 1] 
 [99.9579, 99.9979, 99.9894]
________________________________________________________________________________
[0, 2, 1] 
 [99.9579, 99.9979, 99.9893]
________________________________________________________________________________
[0, 2, 1] 
 [99.9579, 99.9979, 99.9893]
________________________________________________________________________________
[0, 2, 1] 
 [99.9579, 99.9979, 99.9893]
________________________________________________________________________________
[0, 2, 1] 
 [99.9579, 99.9979, 99.9893]
________________________________________________________________________________
cost ==> 0.0004170961997143528
cost ==> 0.00010181519267880644
cost ==> 0.006321718177235246
cost ==> 0.0005275293213397684
cost ==> 9.255915595542229e-05
cost ==> 0.006481416916690744
cost ==> 0.0006577237461543659
cost ==> 8.392184378816919e-05
cost ==> 0.006645273980786325
cost ==> 0.0008096975417887192
cost ==> 7.587760603515752e-05
cost ==> 0.006813361931183229
cost ==> 0.0009855358498542484
cost ==> 6.840116781440599e-05
cost ==> 0.006985754062340137
[[18.99199966 18.99959765 18.99797855]
 [18.99199966 18.99959764 18.99797833]
 [18.99199966 18.99959763 18.99797809]
 [18.99199966 18.99959763 18.99797785]
 [18.99199966 18.99959762 18.99797761]
 [18.99199966 18.99959762 18.99797735]]
Costs calculated [[0.08036341327152363, 0.00010181518980722265, 0.0063217181605666785], [0.08036341327152363, 9.255915613404634e-05, 0.0064814169250146415], [0.08036341327152363, 8.392185404753274e-05, 0.006645273951386897], [0.08036341327152363, 7.587760554734488e-05, 0.006813361944826165], [0.08036341327152363, 6.84011753572896e-05, 0.006985754102390874]]
[0, 2, 1] 
 [99.9579, 99.9979, 99.9894]
________________________________________________________________________________
[0, 3, 0] 
 [99.9579, 99.9979, 99.9894]
________________________________________________________________________________
[0, 3, 0] 
 [99.9579, 99.9979, 99.9894]
________________________________________________________________________________
[0, 3, 0] 
 [99.9579, 99.9979, 99.9894]
________________________________________________________________________________
[0, 2, 1] 
 [99.9579, 99.9979, 99.9894]
________________________________________________________________________________
cost ==> 0.0011873889472623672
cost ==> 6.146763466762867e-05
cost ==> 0.007162524394212327
cost ==> 0.0014174704730343971
cost ==> 5.505249795048775e-05
cost ==> 0.007343747665105016
cost ==> 0.001678055797934488
cost ==> 4.913164046648707e-05
cost ==> 0.007529499324677719
cost ==> 0.001971480518436017
cost ==> 4.368134236355584e-05
cost ==> 0.007719855527096933
cost ==> 0.0023001390597585836
cost ==> 3.8678287314544414e-05
cost ==> 0.007914893124334582
[[18.99199966 18.99959762 18.99797735]
 [18.99199966 18.99959761 18.99797709]
 [18.99199966 18.99959761 18.99797709]
 [18.99199966 18.9995976  18.99797709]
 [18.99199966 18.9995976  18.99797709]
 [18.99199966 18.99959759 18.99797681]]
Costs calculated [[0.08036341327152363, 6.146762335060285e-05, 0.007162524408204601], [0.08036341327152363, 5.505248491904535e-05, 0.08036341327152363], [0.08036341327152363, 4.9131656192569046e-05, 0.08036341327152363], [0.08036341327152363, 4.368132845055501e-05, 0.08036341327152363], [0.08036341327152363, 3.867829966843315e-05, 0.007914893163103556]]
[0, 2, 1] 
 [99.9579, 99.9979, 99.9894]
________________________________________________________________________________
[0, 3, 0] 
 [99.9579, 99.9979, 99.9894]
________________________________________________________________________________
[0, 3, 0] 
 [99.9579, 99.9979, 99.9894]
________________________________________________________________________________
[0, 3, 0] 
 [99.9579, 99.9979, 99.9894]
________________________________________________________________________________
[0, 3, 0] 
 [99.9579, 99.9979, 99.9894]
________________________________________________________________________________
cost ==> 0.0026664833752419437
cost ==> 3.409956900533779e-05
cost ==> 0.008114689659608938
cost ==> 0.0030730217313323926
cost ==> 2.9922697957162856e-05
cost ==> 0.008319323360965525
cost ==> 0.003522317569073539
cost ==> 2.6125608713019485e-05
cost ==> 0.008528873134994985
cost ==> 0.004016988434305953
cost ==> 2.268666742205793e-05
cost ==> 0.008743418560684819
cost ==> 0.004559704969857905
cost ==> 1.9584679860319582e-05
cost ==> 0.008963039883402467
[[18.99199966 18.99959759 18.99797681]
 [18.99199966 18.99959759 18.99797652]
 [18.99199966 18.99959759 18.99797652]
 [18.99199966 18.99959758 18.99797652]
 [18.99199966 18.99959758 18.99797652]
 [18.99199966 18.99959758 18.99797652]]
Costs calculated [[0.08036341327152363, 3.409954819072898e-05, 0.008114689650016355], [0.08036341327152363, 2.992270824958836e-05, 0.08036341327152363], [0.08036341327152363, 2.6125610843443273e-05, 0.08036341327152363], [0.08036341327152363, 2.2686660872393495e-05, 0.08036341327152363], [0.08036341327152363, 1.958467316630153e-05, 0.08036341327152363]]
[0, 2, 1] 
 [99.9579, 99.9979, 99.9893]
________________________________________________________________________________
[0, 3, 0] 
 [99.9579, 99.9979, 99.9893]
________________________________________________________________________________
[0, 2, 1] 
 [99.9579, 99.9979, 99.9893]
________________________________________________________________________________
[0, 2, 1] 
 [99.9579, 99.9979, 99.9893]
________________________________________________________________________________
[0, 3, 0] 
 [99.9579, 99.9979, 99.9893]
________________________________________________________________________________
cost ==> 0.005153189963901506
cost ==> 1.679889993167201e-05
cost ==> 0.009187818009006195
cost ==> 0.0058002174493924745
cost ==> 1.4309038699217677e-05
cost ==> 0.009417834498081859
cost ==> 0.006503611850137345
cost ==> 1.2095274005177978e-05
cost ==> 0.0096531715603017
cost ==> 0.007266247169561867
cost ==> 1.0138260746572393e-05
cost ==> 0.00989391204890272
cost ==> 0.008091046218703978
cost ==> 8.419141885358894e-06
cost ==> 0.010140139455282448
[[18.99199966 18.99959758 18.99797652]
 [18.99199966 18.99959758 18.99797618]
 [18.99199966 18.99959758 18.99797618]
 [18.99199966 18.99959758 18.99797584]
 [18.99199966 18.99959758 18.99797548]
 [18.99199966 18.99959757 18.99797548]]
Costs calculated [[0.08036341327152363, 1.6798921676364143e-05, 0.009187818048426808], [0.08036341327152363, 1.4309041091969272e-05, 0.08036341327152363], [0.08036341327152363, 1.2095272798553709e-05, 0.009653171594050141], [0.08036341327152363, 1.0138284508507458e-05, 0.009893912095224321], [0.08036341327152363, 8.419137466792746e-06, 0.08036341327152363]]
[0, 3, 0] 
 [99.9579, 99.9979, 99.9893]
________________________________________________________________________________
[0, 2, 1] 
 [99.9579, 99.9979, 99.9893]
________________________________________________________________________________
[0, 3, 0] 
 [99.9579, 99.9979, 99.9893]
________________________________________________________________________________
[0, 3, 0] 
 [99.9579, 99.9979, 99.9893]
________________________________________________________________________________
[0, 3, 0] 
 [99.9579, 99.9979, 99.9893]
________________________________________________________________________________
cost ==> 0.008980979880341796
cost ==> 6.919560285634275e-06
cost ==> 0.010391937903707727
cost ==> 0.009939066406498564
cost ==> 5.621671487780133e-06
cost ==> 0.010649392146135594
cost ==> 0.010968370746854555
cost ==> 4.50815755112045e-06
cost ==> 0.010912587557142311
cost ==> 0.012072003905845532
cost ==> 3.5622421241902604e-06
cost ==> 0.011181610128958476
cost ==> 0.01325312232644544
cost ==> 2.767706937148862e-06
cost ==> 0.011456546466606909
[[18.99199966 18.99959757 18.99797548]
 [18.99199966 18.99959757 18.99797548]
 [18.99199966 18.99959757 18.99797509]
 [18.99199966 18.99959757 18.99797509]
 [18.99199966 18.99959757 18.99797509]
 [18.99199966 18.99959757 18.99797509]]
Costs calculated [[0.08036341327152363, 6.9195488059921546e-06, 0.08036341327152363], [0.08036341327152363, 5.621661985641495e-06, 0.010649392118639195], [0.08036341327152363, 4.508145175372863e-06, 0.08036341327152363], [0.08036341327152363, 3.562256843676678e-06, 0.08036341327152363], [0.08036341327152363, 2.767714580377605e-06, 0.08036341327152363]]
[0, 3, 0] 
 [99.9579, 99.9979, 99.9893]
________________________________________________________________________________
[0, 2, 1] 
 [99.9579, 99.9979, 99.9893]
________________________________________________________________________________
[0, 3, 0] 
 [99.9579, 99.9979, 99.9893]
________________________________________________________________________________
[0, 3, 0] 
 [99.9579, 99.9979, 99.9893]
________________________________________________________________________________
[0, 3, 0] 
 [99.9579, 99.9979, 99.9893]
________________________________________________________________________________
cost ==> 0.014514927298822693
cost ==> 2.1089099571882436e-06
cost ==> 0.011737483783142015
cost ==> 0.013735428465275576
cost ==> 1.5708055093779156e-06
cost ==> 0.01202450989498652
cost ==> 0.013009746176298605
cost ==> 1.13896674892439e-06
cost ==> 0.012317713217364315
cost ==> 0.01233550131011307
cost ==> 7.996109867323676e-07
cost ==> 0.012617182759826377
cost ==> 0.011710406774693581
cost ==> 5.396285352978416e-07
cost ==> 0.01292300812186754
[[18.99199966 18.99959757 18.99797509]
 [18.99199966 18.99959757 18.99797509]
 [18.99199966 18.99959757 18.99797466]
 [18.99199966 18.99959757 18.99797466]
 [18.99199966 18.99959757 18.99797466]
 [18.99199966 18.99959757 18.99797466]]
Costs calculated [[0.08036341327152363, 2.1089082601111736e-06, 0.08036341327152363], [0.08036341327152363, 1.570785261990219e-06, 0.012024509935847423], [0.08036341327152363, 1.1389816471289468e-06, 0.08036341327152363], [0.08036341327152363, 7.996253923568313e-07, 0.08036341327152363], [0.08036341327152363, 5.396315396477735e-07, 0.08036341327152363]]
[0, 2, 1] 
 [99.9579, 99.9979, 99.9893]
________________________________________________________________________________
[0, 3, 0] 
 [99.9579, 99.9979, 99.9893]
________________________________________________________________________________
[0, 3, 0] 
 [99.9579, 99.9979, 99.9893]
________________________________________________________________________________
[0, 2, 1] 
 [99.9579, 99.9979, 99.9893]
________________________________________________________________________________
[0, 2, 1] 
 [99.9579, 99.9979, 99.9893]
________________________________________________________________________________
cost ==> 0.011132270093153613
cost ==> 3.466159847346652e-07
cost ==> 0.013235279488631986
cost ==> 0.010598996064019067
cost ==> 2.0891518930033725e-07
cost ==> 0.01355408762670468
cost ==> 0.010108589486228989
cost ==> 1.1565983709428718e-07
cost ==> 0.013879523879986894
cost ==> 0.009659157936049415
cost ==> 5.683247890912773e-08
cost ==> 0.014211680165653934
cost ==> 0.009248914580241518
cost ==> 2.3336725363143344e-08
cost ==> 0.014550648970192289
[[18.99199966 18.99959757 18.99797466]
 [18.99199966 18.99959757 18.99797418]
 [18.99199966 18.99959757 18.99797418]
 [18.99199966 18.99959757 18.99797418]
 [18.99199966 18.99959757 18.99797367]
 [18.99199966 18.99959757 18.99797314]]
Costs calculated [[0.08036341327152363, 3.466038129770476e-07, 0.01323527949965013], [0.08036341327152363, 2.0890020708333738e-07, 0.08036341327152363], [0.08036341327152363, 1.1566578184975368e-07, 0.08036341327152363], [0.08036341327152363, 5.6816265113325285e-08, 0.014211680149772222], [0.08036341327152363, 2.3316804903650376e-08, 0.014550648938932612]]
[0, 3, 0] 
 [99.9579, 99.9979, 99.9893]
________________________________________________________________________________
[0, 2, 1] 
 [99.9579, 99.9979, 99.9893]
________________________________________________________________________________
[0, 3, 0] 
 [99.9579, 99.9979, 99.9893]
________________________________________________________________________________
[0, 2, 1] 
 [99.9579, 99.9979, 99.9893]
________________________________________________________________________________
[0, 3, 0] 
 [99.9579, 99.9979, 99.9893]
________________________________________________________________________________
cost ==> 0.008876181006842275
cost ==> 7.0930376657756386e-09
cost ==> 0.01489652334551435
cost ==> 0.00853939005188611
cost ==> 1.1753345987865545e-09
cost ==> 0.0152493969051491
cost ==> 0.008237088597420337
cost ==> 3.308011231814022e-11
cost ==> 0.015609363820506234
cost ==> 0.007967940313380013
cost ==> 5.187240863088609e-11
cost ==> 0.01597651881721237
cost ==> 0.007730728313435654
cost ==> 1.423671744644209e-09
cost ==> 0.016350957171516852
[[18.99199966 18.99959757 18.99797314]
 [18.99199966 18.99959757 18.99797314]
 [18.99199966 18.99959757 18.99797259]
 [18.99199966 18.99959757 18.99797259]
 [18.99199966 18.99959757 18.99797202]
 [18.99199966 18.99959757 18.99797202]]
Costs calculated [[0.08036341327152363, 7.083586299843151e-09, 0.08036341327152363], [0.08036341327152363, 1.1805977166405253e-09, 0.015249396913204614], [0.08036341327152363, 3.279438101779237e-11, 0.08036341327152363], [0.08036341327152363, 4.9191571526688555e-11, 0.015976518782699498], [0.08036341327152363, 1.4101583837650718e-09, 0.08036341327152363]]
[0, 3, 0] 
 [99.9579, 99.9979, 99.9893]
________________________________________________________________________________
[0, 3, 0] 
 [99.9579, 99.9979, 99.9893]
________________________________________________________________________________
Expecting value: line 1 column 1 (char 0)
Expecting value: line 1 column 1 (char 0)
[0, 2, 1] 
 [99.9579, 99.9979, 99.9893]
________________________________________________________________________________
