cost ==> 0.023980543171342864
cost ==> 0.07434165196749161
cost ==> 0.03453669641234139
cost ==> 0.000835072857533276
cost ==> 0.028902556531372185
cost ==> 0.023725138305536825
cost ==> 0.07404093946603948
cost ==> 0.03294224998729287
cost ==> 0.0007703406473165005
cost ==> 0.028463223539110693
cost ==> 0.023486920152257076
cost ==> 0.07374679414085493
cost ==> 0.03144479261679851
cost ==> 0.0007095660525494999
cost ==> 0.028035542632938917
cost ==> 0.023265680240103483
cost ==> 0.0734591850609559
cost ==> 0.030040593977686967
cost ==> 0.0006525899397051946
cost ==> 0.027619347399041188
cost ==> 0.023061223711648093
cost ==> 0.07317808190456665
cost ==> 0.02872605221368296
cost ==> 0.0005992556868974299
cost ==> 0.027214474320775117
[[18.992      19.         18.998      19.         18.992     ]
 [18.99199913 18.99999732 18.99799875 18.99999997 18.99199896]
 [18.99199828 18.99999464 18.99799756 18.99999994 18.99199793]
 [18.99199743 18.99999198 18.99799643 18.99999992 18.99199692]
 [18.99199659 18.99998933 18.99799534 18.99999989 18.99199592]
 [18.99199576 18.99998668 18.99799431 18.99999987 18.99199494]]
Costs calculated [[0.02398054313808369, 0.07434165195170443, 0.034536696371453485, 0.0008350728715933441, 0.028902556550161673], [0.023725138334287976, 0.07404093944772035, 0.03294224996355893, 0.0007703406004068011, 0.028463223574979383], [0.0234869201801354, 0.07374679411691822, 0.031444792609580684, 0.0007095660862990093, 0.02803554260734462], [0.023265680201745832, 0.07345918506699112, 0.030040594014266737, 0.0006525899485782222, 0.027619347379745623], [0.023061223698879165, 0.07317808189754786, 0.028726052173983618, 0.0005992556596638421, 0.027214474281015495]]
[0, 0, 0, 10, 0] 
 [99.9579, 99.9999, 99.9894, 100.0, 99.9579]
________________________________________________________________________________
[0, 0, 0, 9, 0] 
 [99.9579, 99.9999, 99.9894, 100.0, 99.9579]
________________________________________________________________________________
[0, 0, 0, 10, 0] 
 [99.9579, 99.9999, 99.9894, 100.0, 99.9579]
________________________________________________________________________________
[0, 0, 0, 10, 0] 
 [99.9579, 99.9999, 99.9894, 100.0, 99.9579]
________________________________________________________________________________
[0, 0, 0, 9, 0] 
 [99.9579, 99.9999, 99.9894, 100.0, 99.9579]
________________________________________________________________________________
cost ==> 0.022873369408690745
cost ==> 0.07290345496067321
cost ==> 0.027497697053279747
cost ==> 0.0005494092269143051
cost ==> 0.026820762803607064
cost ==> 0.022701949952550097
cost ==> 0.07263527513055303
cost ==> 0.026352193002548156
cost ==> 0.0005028990928090927
cost ==> 0.026438055200107505
cost ==> 0.02254681181914018
cost ==> 0.07237351392928529
cost ==> 0.02528634260337441
cost ==> 0.00045957646630580414
cost ==> 0.02606619683498769
cost ==> 0.0224078154086
cost ==> 0.07211814348723308
cost ==> 0.02429708974554853
cost ==> 0.00041929522930996894
cost ==> 0.025705036030158626
cost ==> 0.02228483510925321
cost ==> 0.07186913655150401
cost ==> 0.023381523018924995
cost ==> 0.0003819120188537542
cost ==> 0.025354424129793662
[[18.99199576 18.99998668 18.99799431 18.99999987 18.99199494]
 [18.99199576 18.99998668 18.99799431 18.99999967 18.99199494]
 [18.99199576 18.99998668 18.99799431 18.99999951 18.99199494]
 [18.99199576 18.99998668 18.99799431 18.99999934 18.99199494]
 [18.99199576 18.99998668 18.99799431 18.99999919 18.99199494]
 [18.99199576 18.99998668 18.99799431 18.99999907 18.99199494]]
Costs calculated [[0.08036341327152363, 0.08036341327152363, 0.08036341327152363, 0.0005494092302603617, 0.08036341327152363], [0.08036341327152363, 0.08036341327152363, 0.08036341327152363, 0.0005028990891113008, 0.08036341327152363], [0.08036341327152363, 0.08036341327152363, 0.08036341327152363, 0.00045957646778661056, 0.08036341327152363], [0.08036341327152363, 0.08036341327152363, 0.08036341327152363, 0.0004192952312450373, 0.08036341327152363], [0.08036341327152363, 0.08036341327152363, 0.08036341327152363, 0.0003819120144773778, 0.08036341327152363]]
[0, 0, 0, 10, 0] 
 [99.9579, 99.9999, 99.9894, 100.0, 99.9579]
________________________________________________________________________________
[0, 0, 0, 10, 0] 
 [99.9579, 99.9999, 99.9894, 100.0, 99.9579]
________________________________________________________________________________
[0, 0, 0, 9, 0] 
 [99.9579, 99.9999, 99.9894, 100.0, 99.9579]
________________________________________________________________________________
[0, 0, 0, 10, 0] 
 [99.9579, 99.9999, 99.9894, 100.0, 99.9579]
________________________________________________________________________________
[0, 0, 0, 10, 0] 
 [99.9579, 99.9999, 99.9894, 100.0, 99.9579]
________________________________________________________________________________
cost ==> 0.02217775935569041
cost ==> 0.07162646648738426
cost ==> 0.022536879089581272
cost ==> 0.0003472862858485531
cost ==> 0.02501421552537142
cost ==> 0.022086490680784693
cost ==> 0.07139010727974641
cost ==> 0.021760546081559213
cost ==> 0.00031528035806846076
cost ==> 0.024684267680681094
cost ==> 0.022010945761465648
cost ==> 0.07116003353443281
cost ==> 0.02105006694343615
cost ==> 0.0002857595078453104
cost ==> 0.024364441156764532
cost ==> 0.0219510554580994
cost ==> 0.07093622047961173
cost ==> 0.02040314277672681
cost ==> 0.00025859202502074256
cost ==> 0.024054599636774057
cost ==> 0.021906764847339562
cost ==> 0.07071864396710545
cost ==> 0.019817636101019127
cost ==> 0.00023364929577375894
cost ==> 0.023754609950720824
[[18.99199576 18.99998668 18.99799431 18.99999907 18.99199494]
 [18.99199576 18.99998668 18.99799431 18.99999894 18.99199494]
 [18.99199576 18.99998668 18.99799431 18.99999883 18.99199494]
 [18.99199576 18.99998668 18.99799431 18.99999874 18.99199494]
 [18.99199576 18.99998668 18.99799431 18.99999864 18.99199494]
 [18.99199576 18.99998668 18.99799431 18.99999856 18.99199494]]
Costs calculated [[0.08036341327152363, 0.08036341327152363, 0.08036341327152363, 0.00034728628700209454, 0.08036341327152363], [0.08036341327152363, 0.08036341327152363, 0.08036341327152363, 0.00031528036161048437, 0.08036341327152363], [0.08036341327152363, 0.08036341327152363, 0.08036341327152363, 0.00028575951242644986, 0.08036341327152363], [0.08036341327152363, 0.08036341327152363, 0.08036341327152363, 0.0002585920240980714, 0.08036341327152363], [0.08036341327152363, 0.08036341327152363, 0.08036341327152363, 0.00023364930001906365, 0.08036341327152363]]
[0, 0, 0, 9, 0] 
 [99.9579, 99.9999, 99.9894, 100.0, 99.9579]
________________________________________________________________________________
[0, 0, 0, 10, 0] 
 [99.9579, 99.9999, 99.9894, 100.0, 99.9579]
________________________________________________________________________________
[0, 0, 0, 10, 0] 
 [99.9579, 99.9999, 99.9894, 100.0, 99.9579]
________________________________________________________________________________
[0, 0, 0, 10, 0] 
 [99.9579, 99.9999, 99.9894, 100.0, 99.9579]
________________________________________________________________________________
[0, 0, 0, 10, 0] 
 [99.9579, 99.9999, 99.9894, 100.0, 99.9579]
________________________________________________________________________________
cost ==> 0.02187803324833746
cost ==> 0.07050728047369209
cost ==> 0.01929157402890689
cost ==> 0.00021080588802359002
cost ==> 0.02346434210009018
cost ==> 0.021864834242220684
cost ==> 0.07030210710237772
cost ==> 0.018823151322279474
cost ==> 0.00018993964419723898
cost ==> 0.0231836692822966
cost ==> 0.021867155684772408
cost ==> 0.07010310158364237
cost ==> 0.018410733300466272
cost ==> 0.00017093178224792118
cost ==> 0.022912467914954417
cost ==> 0.021884999712268444
cost ==> 0.06991024227665386
cost ==> 0.018052858570193113
cost ==> 0.00015366700591269727
cost ==> 0.022650617659935448
cost ==> 0.0219183827404496
cost ==> 0.06972350817045554
cost ==> 0.017748241547385652
cost ==> 0.00013803362530105022
cost ==> 0.022398001447187354
[[18.99199576 18.99998668 18.99799431 18.99999856 18.99199494]
 [18.99199576 18.99998668 18.99799431 18.99999849 18.99199494]
 [18.99199576 18.99998668 18.99799431 18.99999842 18.99199494]
 [18.99199576 18.99998668 18.99799431 18.99999836 18.99199494]
 [18.99199576 18.99998668 18.99799431 18.9999983  18.99199494]
 [18.99199576 18.99998668 18.99799431 18.99999825 18.99199494]]
Costs calculated [[0.08036341327152363, 0.08036341327152363, 0.08036341327152363, 0.00021080588856428132, 0.08036341327152363], [0.08036341327152363, 0.08036341327152363, 0.08036341327152363, 0.00018993964706162357, 0.08036341327152363], [0.08036341327152363, 0.08036341327152363, 0.08036341327152363, 0.0001709317778658535, 0.08036341327152363], [0.08036341327152363, 0.08036341327152363, 0.08036341327152363, 0.0001536670021688173, 0.08036341327152363], [0.08036341327152363, 0.08036341327152363, 0.08036341327152363, 0.0001380336255882065, 0.08036341327152363]]
[0, 0, 0, 10, 0] 
 [99.9579, 99.9999, 99.9894, 100.0, 99.9579]
________________________________________________________________________________
[0, 0, 0, 10, 0] 
 [99.9579, 99.9999, 99.9894, 100.0, 99.9579]
________________________________________________________________________________
[0, 0, 0, 9, 0] 
 [99.9579, 99.9999, 99.9894, 100.0, 99.9579]
________________________________________________________________________________
[0, 0, 0, 10, 0] 
 [99.9579, 99.9999, 99.9894, 100.0, 99.9579]
________________________________________________________________________________
[0, 0, 0, 10, 0] 
 [99.9579, 99.9999, 99.9894, 100.0, 99.9579]
________________________________________________________________________________
cost ==> 0.021967335456635116
cost ==> 0.06954287888512002
cost ==> 0.017495774741592383
cost ==> 0.00012392368900486847
cost ==> 0.02215450549828382
cost ==> 0.022031902805003004
cost ==> 0.06936833467287679
cost ==> 0.01729453077526452
cost ==> 0.00011123312900454066
cost ==> 0.021920019349678098
cost ==> 0.02211214396508965
cost ==> 0.06919985641920534
cost ==> 0.01714376411232111
cost ==> 9.986191970135194e-05
cost ==> 0.021694435875632013
cost ==> 0.02220813232358235
cost ==> 0.06903742564389999
cost ==> 0.017042912473332224
cost ==> 8.97142524129351e-05
cost ==> 0.021477651310788798
cost ==> 0.022319955439502097
cost ==> 0.06888102450210085
cost ==> 0.016991597918231155
cost ==> 8.06987265985676e-05
cost ==> 0.02126956527236278
[[18.99199576 18.99998668 18.99799431 18.99999825 18.99199494]
 [18.99199576 18.99998668 18.99799431 18.99999821 18.99199494]
 [18.99199576 18.99998668 18.99799431 18.99999817 18.99199494]
 [18.99199576 18.99998668 18.99799431 18.99999814 18.99199494]
 [18.99199576 18.99998668 18.99799431 18.9999981  18.99199494]
 [18.99199576 18.99998668 18.99799431 18.99999807 18.99199494]]
Costs calculated [[0.08036341327152363, 0.08036341327152363, 0.08036341327152363, 0.00012392369230114866, 0.08036341327152363], [0.08036341327152363, 0.08036341327152363, 0.08036341327152363, 0.00011123313261892189, 0.08036341327152363], [0.08036341327152363, 0.08036341327152363, 0.08036341327152363, 9.986191821369174e-05, 0.08036341327152363], [0.08036341327152363, 0.08036341327152363, 0.08036341327152363, 8.971425013962906e-05, 0.08036341327152363], [0.08036341327152363, 0.08036341327152363, 0.08036341327152363, 8.069872389796106e-05, 0.08036341327152363]]
[0, 0, 0, 9, 0] 
 [99.9579, 99.9999, 99.9894, 100.0, 99.9579]
________________________________________________________________________________
[0, 0, 0, 10, 0] 
 [99.9579, 99.9999, 99.9894, 100.0, 99.9579]
________________________________________________________________________________
[0, 0, 0, 10, 0] 
 [99.9579, 99.9999, 99.9894, 100.0, 99.9579]
________________________________________________________________________________
[0, 0, 0, 9, 0] 
 [99.9579, 99.9999, 99.9894, 100.0, 99.9579]
________________________________________________________________________________
[0, 0, 0, 10, 0] 
 [99.9579, 99.9999, 99.9894, 100.0, 99.9579]
________________________________________________________________________________
cost ==> 0.022447715002895906
cost ==> 0.06873063578529326
cost ==> 0.01698962758162067
cost ==> 7.272855889877946e-05
cost ==> 0.021070080781912776
cost ==> 0.02259152678717813
cost ==> 0.06858624292227544
cost ==> 0.017036994050370034
cost ==> 6.572181073489537e-05
cost ==> 0.020879104286671904
cost ==> 0.02275152059528158
cost ==> 0.06844782998009238
cost ==> 0.017133875378161068
cost ==> 5.9601634668000033e-05
cost ==> 0.020696545680401662
cost ==> 0.02292784019979506
cost ==> 0.06831538166493664
cost ==> 0.017280634736775505
cost ==> 5.429653891113364e-05
cost ==> 0.02052231832374079
cost ==> 0.0231206432772862
cost ==> 0.06687418751012911
cost ==> 0.017477819709061135
cost ==> 4.974066827880256e-05
cost ==> 0.020356339064018476
[[18.99199576 18.99998668 18.99799431 18.99999807 18.99199494]
 [18.99199576 18.99998668 18.99799431 18.99999805 18.99199494]
 [18.99199576 18.99998668 18.99799431 18.99999803 18.99199494]
 [18.99199576 18.99998668 18.99799431 18.99999801 18.99199494]
 [18.99199576 18.99998668 18.99799431 18.99999799 18.99199494]
 [18.99199576 18.99998668 18.99799431 18.99999797 18.99199494]]
Costs calculated [[0.08036341327152363, 0.08036341327152363, 0.08036341327152363, 7.272855790449238e-05, 0.08036341327152363], [0.08036341327152363, 0.08036341327152363, 0.08036341327152363, 6.572180883937393e-05, 0.08036341327152363], [0.08036341327152363, 0.08036341327152363, 0.08036341327152363, 5.960163946788097e-05, 0.08036341327152363], [0.08036341327152363, 0.08036341327152363, 0.08036341327152363, 5.429654164220422e-05, 0.08036341327152363], [0.08036341327152363, 0.08036341327152363, 0.08036341327152363, 4.974066752469807e-05, 0.08036341327152363]]
[0, 0, 0, 10, 0] 
 [99.9579, 99.9999, 99.9894, 100.0, 99.9579]
________________________________________________________________________________
[0, 0, 0, 10, 0] 
 [99.9579, 99.9999, 99.9894, 100.0, 99.9579]
________________________________________________________________________________
[0, 0, 0, 9, 0] 
 [99.9579, 99.9999, 99.9894, 100.0, 99.9579]
________________________________________________________________________________
[0, 0, 0, 9, 0] 
 [99.9579, 99.9999, 99.9894, 100.0, 99.9579]
________________________________________________________________________________
[0, 0, 0, 10, 0] 
 [99.9579, 99.9999, 99.9894, 100.0, 99.9579]
________________________________________________________________________________
cost ==> 0.023330101337017246
cost ==> 0.06546725657575687
cost ==> 0.017726161233493083
cost ==> 4.587409842256985e-05
cost ==> 0.020198528254501594
cost ==> 0.023556399644284052
cost ==> 0.06409404548415515
cost ==> 0.018026572214909962
cost ==> 4.26431384622824e-05
cost ==> 0.02004880977304692
cost ==> 0.023799737138613233
cost ==> 0.06275401678828915
cost ==> 0.017068852472521996
cost ==> 4.000063516748255e-05
cost ==> 0.019907111040128406
cost ==> 0.024060326347069907
cost ==> 0.06144663902960726
cost ==> 0.0161839417626122
cost ==> 3.7906269846686784e-05
cost ==> 0.019773363036209968
cost ==> 0.024338393292933233
cost ==> 0.06017138679684848
cost ==> 0.01536848474744265
cost ==> 3.632683732865649e-05
cost ==> 0.019647500318436935
[[18.99199576 18.99998668 18.99799431 18.99999797 18.99199494]
 [18.99199576 18.99998668 18.99799431 18.99999795 18.99199494]
 [18.99199576 18.99998668 18.99799431 18.99999794 18.99199494]
 [18.99199576 18.99998668 18.99799431 18.99999793 18.99199494]
 [18.99199576 18.99998668 18.99799431 18.99999791 18.99199494]
 [18.99199576 18.99998668 18.99799431 18.9999979  18.99199494]]
Costs calculated [[0.08036341327152363, 0.08036341327152363, 0.08036341327152363, 4.587410178124299e-05, 0.08036341327152363], [0.08036341327152363, 0.08036341327152363, 0.08036341327152363, 4.264314033348425e-05, 0.08036341327152363], [0.08036341327152363, 0.08036341327152363, 0.08036341327152363, 4.000064016556274e-05, 0.08036341327152363], [0.08036341327152363, 0.08036341327152363, 0.08036341327152363, 3.790627074770279e-05, 0.08036341327152363], [0.08036341327152363, 0.08036341327152363, 0.08036341327152363, 3.6326834328000084e-05, 0.08036341327152363]]
[0, 0, 0, 10, 0] 
 [99.9579, 99.9999, 99.9894, 100.0, 99.9579]
________________________________________________________________________________
[0, 0, 0, 9, 0] 
 [99.9579, 99.9999, 99.9894, 100.0, 99.9579]
________________________________________________________________________________
[0, 0, 0, 9, 0] 
 [99.9579, 99.9999, 99.9894, 100.0, 99.9579]
________________________________________________________________________________
[0, 0, 0, 9, 0] 
 [99.9579, 99.9999, 99.9894, 100.0, 99.9579]
________________________________________________________________________________
[0, 0, 0, 9, 0] 
 [99.9579, 99.9999, 99.9894, 100.0, 99.9579]
________________________________________________________________________________
cost ==> 0.0246341774000083
cost ==> 0.05892774078580477
cost ==> 0.01461928416537219
cost ==> 3.5236495205392656e-05
cost ==> 0.019529461036617186
cost ==> 0.024947931392845676
cost ==> 0.057715187860038014
cost ==> 0.013933305395648925
cost ==> 3.461697120284118e-05
cost ==> 0.01941918694846493
cost ==> 0.025279921193147106
cost ==> 0.05653322111254375
cost ==> 0.013307681101568167
cost ==> 3.4457717433065564e-05
cost ==> 0.019316623434081855
cost ==> 0.02563042581263673
cost ==> 0.055381339928365074
cost ==> 0.012739715921916866
cost ==> 3.4756002473409705e-05
cost ==> 0.01922171950965017
cost ==> 0.02599973724267869
cost ==> 0.05425905004814102
cost ==> 0.012226891175097503
cost ==> 3.5516935584449475e-05
cost ==> 0.01913442784031264
[[18.99199576 18.99998668 18.99799431 18.9999979  18.99199494]
 [18.99199576 18.99998668 18.99799431 18.99999789 18.99199494]
 [18.99199576 18.99998668 18.99799431 18.99999788 18.99199494]
 [18.99199576 18.99998668 18.99799431 18.99999786 18.99199494]
 [18.99199576 18.99998668 18.99799431 18.99999785 18.99199494]
 [18.99199576 18.99998668 18.99799431 18.99999784 18.99199494]]
Costs calculated [[0.08036341327152363, 0.08036341327152363, 0.08036341327152363, 3.5236493306796724e-05, 0.08036341327152363], [0.08036341327152363, 0.08036341327152363, 0.08036341327152363, 3.461697246869754e-05, 0.08036341327152363], [0.08036341327152363, 0.08036341327152363, 0.08036341327152363, 3.44577120230148e-05, 0.08036341327152363], [0.08036341327152363, 0.08036341327152363, 0.08036341327152363, 3.47559987812923e-05, 0.08036341327152363], [0.08036341327152363, 0.08036341327152363, 0.08036341327152363, 3.5516937735508476e-05, 0.08036341327152363]]
[0, 0, 0, 9, 0] 
 [99.9579, 99.9999, 99.9894, 100.0, 99.9579]
________________________________________________________________________________
[0, 0, 0, 10, 0] 
 [99.9579, 99.9999, 99.9894, 100.0, 99.9579]
________________________________________________________________________________
[0, 0, 0, 9, 0] 
 [99.9579, 99.9999, 99.9894, 100.0, 99.9579]
________________________________________________________________________________
[0, 0, 0, 10, 0] 
 [99.9579, 99.9999, 99.9894, 100.0, 99.9579]
________________________________________________________________________________
[0, 0, 0, 9, 0] 
 [99.9579, 99.9999, 99.9894, 100.0, 99.9579]
________________________________________________________________________________
cost ==> 0.026388160340923623
cost ==> 0.05316586363258878
cost ==> 0.01176686953479565
cost ==> 3.6753421535290376e-05
cost ==> 0.019054704752218068
cost ==> 0.026796012715261622
cost ==> 0.05210129932790194
cost ==> 0.011357499630753736
cost ==> 3.8486048880964635e-05
cost ==> 0.01898251024370938
cost ==> 0.027223624605357995
cost ==> 0.05106488233205536
cost ==> 0.010996820523411874
cost ==> 4.0742918507460497e-05
cost ==> 0.018917807995634316
cost ==> 0.027671338762046808
cost ==> 0.05005614446200076
cost ==> 0.010683065997181655
cost ==> 4.355942229923934e-05
cost ==> 0.018860565380759867
cost ==> 0.028139510324843665
cost ==> 0.04907462422173286
cost ==> 0.010414668614247464
cost ==> 4.697798358178895e-05
cost ==> 0.01881075347227301
[[18.99199576 18.99998668 18.99799431 18.99999784 18.99199494]
 [18.99199576 18.99998668 18.99799431 18.99999783 18.99199494]
 [18.99199576 18.99998668 18.99799431 18.99999782 18.99199494]
 [18.99199576 18.99998668 18.99799431 18.9999978  18.99199494]
 [18.99199576 18.99998668 18.99799431 18.99999779 18.99199494]
 [18.99199576 18.99998668 18.99799431 18.99999777 18.99199494]]
Costs calculated [[0.08036341327152363, 0.08036341327152363, 0.08036341327152363, 3.6753417077403313e-05, 0.08036341327152363], [0.08036341327152363, 0.08036341327152363, 0.08036341327152363, 3.848604916859255e-05, 0.08036341327152363], [0.08036341327152363, 0.08036341327152363, 0.08036341327152363, 4.0742919116979795e-05, 0.08036341327152363], [0.08036341327152363, 0.08036341327152363, 0.08036341327152363, 4.355942189799757e-05, 0.08036341327152363], [0.08036341327152363, 0.08036341327152363, 0.08036341327152363, 4.697798360236859e-05, 0.08036341327152363]]
[0, 0, 0, 10, 0] 
 [99.9579, 99.9999, 99.9894, 100.0, 99.9579]
________________________________________________________________________________
[0, 0, 0, 10, 0] 
 [99.9579, 99.9999, 99.9894, 100.0, 99.9579]
________________________________________________________________________________
[0, 0, 0, 10, 0] 
 [99.9579, 99.9999, 99.9894, 100.0, 99.9579]
________________________________________________________________________________
[0, 0, 0, 9, 0] 
 [99.9579, 99.9999, 99.9894, 100.0, 99.9579]
________________________________________________________________________________
[0, 0, 0, 10, 0] 
 [99.9579, 99.9999, 99.9894, 100.0, 99.9579]
________________________________________________________________________________
cost ==> 0.028628506697844017
cost ==> 0.04811986687120554
cost ==> 0.010190263469351481
cost ==> 5.104777149649746e-05
cost ==> 0.018768347051351726
cost ==> 0.029138707424254742
cost ==> 0.04719142449607486
cost ==> 0.010008691586291267
cost ==> 5.582440085019196e-05
cost ==> 0.01873332461379156
cost ==> 0.029670504059808634
cost ==> 0.04628885607824085
cost ==> 0.009869002899055575
cost ==> 6.136962755971371e-05
cost ==> 0.018705668375676637
cost ==> 0.030224300045294545
cost ==> 0.04541172756715826
cost ==> 0.009770458764762431
cost ==> 6.775104793758621e-05
cost ==> 0.01868536427808244
cost ==> 0.030800510578431743
cost ==> 0.04455961195188168
cost ==> 0.009712533961853112
cost ==> 7.504180805671494e-05
cost ==> 0.018672401990802705
[[18.99199576 18.99998668 18.99799431 18.99999777 18.99199494]
 [18.99199576 18.99998668 18.99799431 18.99999775 18.99199494]
 [18.99199576 18.99998668 18.99799431 18.99999773 18.99199494]
 [18.99199576 18.99998668 18.99799431 18.99999771 18.99199494]
 [18.99199576 18.99998668 18.99799431 18.99999769 18.99199494]
 [18.99199576 18.99998668 18.99799431 18.99999766 18.99199494]]
Costs calculated [[0.08036341327152363, 0.08036341327152363, 0.08036341327152363, 5.104777612499093e-05, 0.08036341327152363], [0.08036341327152363, 0.08036341327152363, 0.08036341327152363, 5.582440561831836e-05, 0.08036341327152363], [0.08036341327152363, 0.08036341327152363, 0.08036341327152363, 6.136962390180738e-05, 0.08036341327152363], [0.08036341327152363, 0.08036341327152363, 0.08036341327152363, 6.775104861653253e-05, 0.08036341327152363], [0.08036341327152363, 0.08036341327152363, 0.08036341327152363, 7.504181123216353e-05, 0.08036341327152363]]
[0, 0, 0, 9, 0] 
 [99.9579, 99.9999, 99.9894, 100.0, 99.9579]
________________________________________________________________________________
[0, 0, 0, 10, 0] 
 [99.9579, 99.9999, 99.9894, 100.0, 99.9579]
________________________________________________________________________________
[0, 0, 0, 10, 0] 
 [99.9579, 99.9999, 99.9894, 100.0, 99.9579]
________________________________________________________________________________
[0, 0, 0, 10, 0] 
 [99.9579, 99.9999, 99.9894, 100.0, 99.9579]
________________________________________________________________________________
[0, 0, 0, 10, 0] 
 [99.9579, 99.9999, 99.9894, 100.0, 99.9579]
________________________________________________________________________________
cost ==> 0.031399562485305454
cost ==> 0.043732089333811806
cost ==> 0.009694918135207608
cost ==> 8.332032752836884e-05
cost ==> 0.018666774915093144
cost ==> 0.032021894091570496
cost ==> 0.04292874700009542
cost ==> 0.009717516659724016
cost ==> 9.267004037490349e-05
cost ==> 0.018668480185425572
cost ==> 0.032667955093618695
cost ==> 0.04214917949764196
cost ==> 0.00978045090505985
cost ==> 0.00010317915434229922
cost ==> 0.01867751867025066
cost ==> 0.03333820642989576
cost ==> 0.04139298870770523
cost ==> 0.009884057896187579
cost ==> 0.00011494042898383253
cost ==> 0.018693894971766864
cost ==> 0.03403312015254359
cost ==> 0.04065978392097778
cost ==> 0.01002888937661748
cost ==> 0.00012805097212457243
cost ==> 0.018717617424695947
[[18.99199576 18.99998668 18.99799431 18.99999766 18.99199494]
 [18.99199576 18.99998668 18.99799431 18.99999763 18.99199494]
 [18.99199576 18.99998668 18.99799431 18.9999976  18.99199494]
 [18.99199576 18.99998668 18.99799431 18.99999756 18.99199494]
 [18.99199576 18.99998668 18.99799431 18.99999752 18.99199494]
 [18.99199576 18.99998668 18.99799431 18.99999748 18.99199494]]
Costs calculated [[0.08036341327152363, 0.08036341327152363, 0.08036341327152363, 8.332032311371388e-05, 0.08036341327152363], [0.08036341327152363, 0.08036341327152363, 0.08036341327152363, 9.267004377458181e-05, 0.08036341327152363], [0.08036341327152363, 0.08036341327152363, 0.08036341327152363, 0.00010317915402588606, 0.08036341327152363], [0.08036341327152363, 0.08036341327152363, 0.08036341327152363, 0.00011494042589208785, 0.08036341327152363], [0.08036341327152363, 0.08036341327152363, 0.08036341327152363, 0.0001280509733736952, 0.08036341327152363]]
[0, 0, 0, 9, 0] 
 [99.9579, 99.9999, 99.9894, 100.0, 99.9579]
________________________________________________________________________________
[0, 0, 0, 10, 0] 
 [99.9579, 99.9999, 99.9894, 100.0, 99.9579]
________________________________________________________________________________
[0, 0, 0, 9, 0] 
 [99.9579, 99.9999, 99.9894, 100.0, 99.9579]
________________________________________________________________________________
[0, 0, 0, 10, 0] 
 [99.9579, 99.9999, 99.9894, 100.0, 99.9579]
________________________________________________________________________________
[0, 0, 0, 10, 0] 
 [99.9579, 99.9999, 99.9894, 100.0, 99.9579]
________________________________________________________________________________
cost ==> 0.0347531792995307
cost ==> 0.03994918191314421
cost ==> 0.010215710293025175
cost ==> 0.00014261205383876512
cost ==> 0.018748698094068175
cost ==> 0.035498877767423324
cost ==> 0.03926080702083231
cost ==> 0.01044549673104342
cost ==> 0.0001587289367859417
cost ==> 0.01878715277202032
cost ==> 0.036270720184941645
cost ==> 0.038594291217897585
cost ==> 0.010719433341665889
cost ==> 0.00017651072160767675
cost ==> 0.01883300097361414
cost ==> 0.037069221787431064
cost ==> 0.03794927419197375
cost ==> 0.0110389103056968
cost ==> 0.00019607020604356387
cost ==> 0.018886265931681495
cost ==> 0.03789490829236986
cost ==> 0.03732540342121764
cost ==> 0.011405519889719188
cost ==> 0.00021752375644893895
cost ==> 0.01907710427224673
[[18.99199576 18.99998668 18.99799431 18.99999748 18.99199494]
 [18.99199576 18.99998668 18.99799431 18.99999743 18.99199494]
 [18.99199576 18.99998668 18.99799431 18.99999737 18.99199494]
 [18.99199576 18.99998668 18.99799431 18.99999732 18.99199494]
 [18.99199576 18.99998668 18.99799431 18.99999724 18.99199494]
 [18.99199576 18.99998668 18.99799431 18.99999717 18.99199494]]
Costs calculated [[0.08036341327152363, 0.08036341327152363, 0.08036341327152363, 0.00014261205021524653, 0.08036341327152363], [0.08036341327152363, 0.08036341327152363, 0.08036341327152363, 0.00015872893293868522, 0.08036341327152363], [0.08036341327152363, 0.08036341327152363, 0.08036341327152363, 0.00017651071642505101, 0.08036341327152363], [0.08036341327152363, 0.08036341327152363, 0.08036341327152363, 0.00019607020569302298, 0.08036341327152363], [0.08036341327152363, 0.08036341327152363, 0.08036341327152363, 0.00021752375192701405, 0.08036341327152363]]
[0, 0, 0, 10, 0] 
 [99.9579, 99.9999, 99.9894, 100.0, 99.9579]
________________________________________________________________________________
[0, 0, 0, 9, 0] 
 [99.9579, 99.9999, 99.9894, 100.0, 99.9579]
________________________________________________________________________________
[0, 0, 0, 9, 0] 
 [99.9579, 99.9999, 99.9894, 100.0, 99.9579]
________________________________________________________________________________
[0, 0, 0, 9, 0] 
 [99.9579, 99.9999, 99.9894, 100.0, 99.9579]
________________________________________________________________________________
[0, 0, 0, 10, 0] 
 [99.9579, 99.9999, 99.9894, 100.0, 99.9579]
________________________________________________________________________________
cost ==> 0.03874831577602618
cost ==> 0.036722334251168956
cost ==> 0.011821052651038434
cost ==> 0.00024099119046293866
cost ==> 0.018479072551013883
cost ==> 0.03962999055136276
cost ==> 0.03613972997164705
cost ==> 0.012287493351005865
cost ==> 0.0002665956696653869
cost ==> 0.01789459292153551
cost ==> 0.04054048904728547
cost ==> 0.03557726189359832
cost ==> 0.012807016636175957
cost ==> 0.0002944636011619717
cost ==> 0.017323478253437052
cost ==> 0.04148037768931362
cost ==> 0.03503460942580498
cost ==> 0.013381982545119518
cost ==> 0.00032472454714078513
cost ==> 0.01676554231166171
cost ==> 0.0424502327817491
cost ==> 0.03451146015136166
cost ==> 0.014014931895685357
cost ==> 0.00035751114154405585
cost ==> 0.016220599760423313
[[18.99199576 18.99998668 18.99799431 18.99999717 18.99199494]
 [18.99199576 18.99998668 18.99799431 18.99999708 18.99199494]
 [18.99199576 18.99998668 18.99799431 18.99999699 18.99199494]
 [18.99199576 18.99998668 18.99799431 18.9999969  18.99199494]
 [18.99199576 18.99998668 18.99799431 18.99999679 18.99199494]
 [18.99199576 18.99998668 18.99799431 18.99999666 18.99199494]]
Costs calculated [[0.08036341327152363, 0.08036341327152363, 0.08036341327152363, 0.00024099119126099345, 0.08036341327152363], [0.08036341327152363, 0.08036341327152363, 0.08036341327152363, 0.000266595667688829, 0.08036341327152363], [0.08036341327152363, 0.08036341327152363, 0.08036341327152363, 0.0002944636002699062, 0.08036341327152363], [0.08036341327152363, 0.08036341327152363, 0.08036341327152363, 0.0003247245497653121, 0.08036341327152363], [0.08036341327152363, 0.08036341327152363, 0.08036341327152363, 0.00035751113883817465, 0.08036341327152363]]
[0, 0, 0, 10, 0] 
 [99.9579, 99.9999, 99.9894, 100.0, 99.9579]
________________________________________________________________________________
[0, 0, 0, 9, 0] 
 [99.9579, 99.9999, 99.9894, 100.0, 99.9579]
________________________________________________________________________________
[0, 0, 0, 10, 0] 
 [99.9579, 99.9999, 99.9894, 100.0, 99.9579]
________________________________________________________________________________
[0, 0, 0, 9, 0] 
 [99.9579, 99.9999, 99.9894, 100.0, 99.9579]
________________________________________________________________________________
[0, 0, 0, 10, 0] 
 [99.9579, 99.9999, 99.9894, 100.0, 99.9579]
________________________________________________________________________________
cost ==> 0.04345064039141027
cost ==> 0.03400750990382383
cost ==> 0.014708581603393452
cost ==> 0.00039295901309370246
cost ==> 0.015688466167213803
cost ==> 0.04448219623298388
cost ==> 0.03352246284292495
cost ==> 0.01546581997676003
cost ==> 0.0004312067139964984
cost ==> 0.015168958006867113
cost ==> 0.04554550555605061
cost ==> 0.03305603152976002
cost ==> 0.016289702030015833
cost ==> 0.00047239565373338396
cost ==> 0.014661892665679448
cost ==> 0.046641183033822364
cost ==> 0.03260793700132477
cost ==> 0.017183444848131748
cost ==> 0.0005166700374079894
cost ==> 0.014167088445588406
cost ==> 0.04776985265362987
cost ==> 0.03217790884430044
cost ==> 0.01815042303355938
cost ==> 0.0005641768081918203
cost ==> 0.013684364568412176
[[18.99199576 18.99998668 18.99799431 18.99999666 18.99199494]
 [18.99199576 18.99998668 18.99799431 18.99999652 18.99199494]
 [18.99199576 18.99998668 18.99799431 18.99999638 18.99199494]
 [18.99199576 18.99998668 18.99799431 18.99999621 18.99199494]
 [18.99199576 18.99998668 18.99799431 18.99999604 18.99199494]
 [18.99199576 18.99998668 18.99799431 18.99999584 18.99199494]]
Costs calculated [[0.08036341327152363, 0.08036341327152363, 0.08036341327152363, 0.0003929590083278216, 0.08036341327152363], [0.08036341327152363, 0.08036341327152363, 0.08036341327152363, 0.00043120671340090693, 0.08036341327152363], [0.08036341327152363, 0.08036341327152363, 0.08036341327152363, 0.0004723956535900653, 0.08036341327152363], [0.08036341327152363, 0.08036341327152363, 0.08036341327152363, 0.0005166700399995302, 0.08036341327152363], [0.08036341327152363, 0.08036341327152363, 0.08036341327152363, 0.0005641768056671598, 0.08036341327152363]]
[0, 0, 0, 9, 0] 
 [99.9579, 99.9999, 99.9894, 100.0, 99.9579]
________________________________________________________________________________
[0, 0, 0, 10, 0] 
 [99.9579, 99.9999, 99.9894, 100.0, 99.9579]
________________________________________________________________________________
[0, 0, 0, 9, 0] 
 [99.9579, 99.9999, 99.9894, 100.0, 99.9579]
________________________________________________________________________________
[0, 0, 0, 9, 0] 
 [99.9579, 99.9999, 99.9894, 100.0, 99.9579]
________________________________________________________________________________
[0, 0, 0, 9, 0] 
 [99.9579, 99.9999, 99.9894, 100.0, 99.9579]
________________________________________________________________________________
cost ==> 0.04893214760918832
cost ==> 0.03176568526796949
cost ==> 0.019194164258787585
cost ==> 0.0006150655934586773
cost ==> 0.01321354118014969
cost ==> 0.050128710194666116
cost ==> 0.03137101317614371
cost ==> 0.020318344943857498
cost ==> 0.0006694886542491303
cost ==> 0.01275443935534393
cost ==> 0.05136019170057353
cost ==> 0.0309936482379872
cost ==> 0.02152678607344934
cost ==> 0.0007276008377482187
cost ==> 0.012306881101509543
cost ==> 0.052627252311485455
cost ==> 0.03063335495760881
cost ==> 0.02282344916411289
cost ==> 0.0007895595324964194
cost ==> 0.01187068936362635
cost ==> 0.053930561005604054
cost ==> 0.02958741986897121
cost ==> 0.024212432388678286
cost ==> 0.0008555246260862247
cost ==> 0.01144568802870088
[[18.99199576 18.99998668 18.99799431 18.99999584 18.99199494]
 [18.99199576 18.99998668 18.99799431 18.99999564 18.99199494]
 [18.99199576 18.99998668 18.99799431 18.9999954  18.99199494]
 [18.99199576 18.99998668 18.99799431 18.99999516 18.99199494]
 [18.99199576 18.99998668 18.99799431 18.9999949  18.99199494]
 [18.99199576 18.99998668 18.99799431 18.99999463 18.99199494]]
Costs calculated [[0.08036341327152363, 0.08036341327152363, 0.08036341327152363, 0.0006150655902603924, 0.08036341327152363], [0.08036341327152363, 0.08036341327152363, 0.08036341327152363, 0.0006694886504382712, 0.08036341327152363], [0.08036341327152363, 0.08036341327152363, 0.08036341327152363, 0.0007276008423611082, 0.08036341327152363], [0.08036341327152363, 0.08036341327152363, 0.08036341327152363, 0.0007895595287730715, 0.08036341327152363], [0.08036341327152363, 0.08036341327152363, 0.08036341327152363, 0.0008555246281937561, 0.08036341327152363]]
[0, 0, 0, 9, 0] 
 [99.9579, 99.9999, 99.9894, 100.0, 99.9579]
________________________________________________________________________________
[0, 0, 0, 10, 0] 
 [99.9579, 99.9999, 99.9894, 100.0, 99.9579]
________________________________________________________________________________
[0, 0, 0, 10, 0] 
 [99.9579, 99.9999, 99.9894, 100.0, 99.9579]
________________________________________________________________________________
[0, 0, 0, 10, 0] 
 [99.9579, 99.9999, 99.9894, 100.0, 99.9579]
________________________________________________________________________________
[0, 0, 0, 10, 0] 
 [99.9579, 99.9999, 99.9894, 100.0, 99.9579]
________________________________________________________________________________
cost ==> 0.05527079545616822
cost ==> 0.028567810019257983
cost ==> 0.025697966861849397
cost ==> 0.0009256584651248016
cost ==> 0.011031701930397054
cost ==> 0.056648641934704765
cost ==> 0.027574113931253166
cost ==> 0.027284413088434406
cost ==> 0.0010001258172676736
cost ==> 0.010628556853738069
cost ==> 0.05806479521612354
cost ==> 0.026605922407469444
cost ==> 0.028976257573566117
cost ==> 0.001079093835149991
cost ==> 0.010236079539881517
cost ==> 0.059519958485640734
cost ==> 0.025662828542152735
cost ==> 0.030778109592567115
cost ==> 0.0011627320220605052
cost ==> 0.00985409769096952
cost ==> 0.06101484324752728
cost ==> 0.024744427733490476
cost ==> 0.0326946981167869
cost ==> 0.001251212199219944
cost ==> 0.009482439975055641
[[18.99199576 18.99998668 18.99799431 18.99999463 18.99199494]
 [18.99199576 18.99998668 18.99799431 18.99999432 18.99199494]
 [18.99199576 18.99998668 18.99799431 18.99999396 18.99199494]
 [18.99199576 18.99998668 18.99799431 18.99999357 18.99199494]
 [18.99199576 18.99998668 18.99799431 18.99999315 18.99199494]
 [18.99199576 18.99998668 18.99799431 18.9999927  18.99199494]]
Costs calculated [[0.08036341327152363, 0.08036341327152363, 0.08036341327152363, 0.0009256584618777397, 0.08036341327152363], [0.08036341327152363, 0.08036341327152363, 0.08036341327152363, 0.0010001258139376147, 0.08036341327152363], [0.08036341327152363, 0.08036341327152363, 0.08036341327152363, 0.0010790938307745522, 0.08036341327152363], [0.08036341327152363, 0.08036341327152363, 0.08036341327152363, 0.0011627320265440336, 0.08036341327152363], [0.08036341327152363, 0.08036341327152363, 0.08036341327152363, 0.0012512121978904582, 0.08036341327152363]]
[0, 0, 0, 9, 0] 
 [99.9579, 99.9999, 99.9894, 100.0, 99.9579]
________________________________________________________________________________
[0, 0, 0, 9, 0] 
 [99.9579, 99.9999, 99.9894, 100.0, 99.9579]
________________________________________________________________________________
[0, 0, 0, 9, 0] 
 [99.9579, 99.9999, 99.9894, 100.0, 99.9579]
________________________________________________________________________________
[0, 0, 0, 9, 0] 
 [99.9579, 99.9999, 99.9894, 100.0, 99.9579]
________________________________________________________________________________
[0, 0, 0, 10, 0] 
 [99.9579, 99.9999, 99.9894, 100.0, 99.9579]
________________________________________________________________________________
cost ==> 0.0625501692356644
cost ==> 0.023850317696032356
cost ==> 0.03473086889071298
cost ==> 0.0013447084745397684
cost ==> 0.009120936031111075
cost ==> 0.06412666432589074
cost ==> 0.022980098473327035
cost ==> 0.03689158165491839
cost ==> 0.0014433972127500274
cost ==> 0.008769416474111775
cost ==> 0.06574506445012375
cost ==> 0.022133372450783305
cost ==> 0.039181907508880016
cost ==> 0.001547457006796006
cost ==> 0.008427712900209633
cost ==> 0.06740611351223422
cost ==> 0.02130974436876232
cost ==> 0.04160702640737941
cost ==> 0.0016570686504133842
cost ==> 0.008095657891988624
cost ==> 0.06911056330565285
cost ==> 0.020508821335907597
cost ==> 0.04417222478401629
cost ==> 0.0017724151118000521
cost ==> 0.007773085023809874
[[18.99199576 18.99998668 18.99799431 18.9999927  18.99199494]
 [18.99199576 18.99998668 18.99799431 18.99999226 18.99199494]
 [18.99199576 18.99998668 18.99799431 18.9999918  18.99199494]
 [18.99199576 18.99998668 18.99799431 18.99999129 18.99199494]
 [18.99199576 18.99998668 18.99799431 18.99999075 18.99199494]
 [18.99199576 18.99998668 18.99799431 18.99999011 18.99199494]]
Costs calculated [[0.08036341327152363, 0.08036341327152363, 0.08036341327152363, 0.0013447084731387164, 0.08036341327152363], [0.08036341327152363, 0.08036341327152363, 0.08036341327152363, 0.001443397216097338, 0.08036341327152363], [0.08036341327152363, 0.08036341327152363, 0.08036341327152363, 0.0015474570118475933, 0.08036341327152363], [0.08036341327152363, 0.08036341327152363, 0.08036341327152363, 0.0016570686558120334, 0.08036341327152363], [0.08036341327152363, 0.08036341327152363, 0.08036341327152363, 0.0017724151089355026, 0.08036341327152363]]
[0, 0, 0, 10, 0] 
 [99.9579, 99.9999, 99.9894, 99.9999, 99.9579]
________________________________________________________________________________
[0, 0, 0, 9, 0] 
 [99.9579, 99.9999, 99.9894, 99.9999, 99.9579]
________________________________________________________________________________
[0, 0, 0, 9, 0] 
 [99.9579, 99.9999, 99.9894, 99.9999, 99.9579]
________________________________________________________________________________
[0, 0, 0, 10, 0] 
 [99.9579, 99.9999, 99.9894, 99.9999, 99.9579]
________________________________________________________________________________
[0, 0, 0, 10, 0] 
 [99.9579, 99.9999, 99.9894, 99.9999, 99.9579]
________________________________________________________________________________
cost ==> 0.06794609666438625
cost ==> 0.01973021284272125
cost ==> 0.046882893295319056
cost ==> 0.0018936815083105097
cost ==> 0.007459828867246886
cost ==> 0.06679832160820096
cost ==> 0.018973530775393984
cost ==> 0.049744524678978455
cost ==> 0.0020210550821056295
cost ==> 0.007155724996614651
cost ==> 0.06566707740997339
cost ==> 0.018238389429897795
cost ==> 0.052762711719859384
cost ==> 0.0021547251766964393
cost ==> 0.006860609994594097
cost ==> 0.06455220402688909
cost ==> 0.017524405526349103
cost ==> 0.05154440131896363
cost ==> 0.0022948832143261477
cost ==> 0.006574321457956039
cost ==> 0.06345354210372565
cost ==> 0.01683119822365277
cost ==> 0.050369756886406124
cost ==> 0.002441722674139206
cost ==> 0.0062966980033867005
[[18.99199576 18.99998668 18.99799431 18.99999011 18.99199494]
 [18.99199576 18.99998668 18.99799431 18.99998943 18.99199494]
 [18.99199576 18.99998668 18.99799431 18.99998877 18.99199494]
 [18.99199576 18.99998668 18.99799431 18.99998807 18.99199494]
 [18.99199576 18.99998668 18.99799431 18.99998724 18.99199494]
 [18.99199576 18.99998668 18.99799431 18.99998636 18.99199494]]
Costs calculated [[0.08036341327152363, 0.08036341327152363, 0.08036341327152363, 0.0018936815118960368, 0.08036341327152363], [0.08036341327152363, 0.08036341327152363, 0.08036341327152363, 0.0020210550867217204, 0.08036341327152363], [0.08036341327152363, 0.08036341327152363, 0.08036341327152363, 0.002154725180516528, 0.08036341327152363], [0.08036341327152363, 0.08036341327152363, 0.08036341327152363, 0.002294883217361899, 0.08036341327152363], [0.08036341327152363, 0.08036341327152363, 0.08036341327152363, 0.0024417226753606696, 0.08036341327152363]]
[0, 1, 0, 9, 0] 
 [99.9579, 99.9999, 99.9894, 99.9999, 99.9579]
________________________________________________________________________________
[0, 0, 0, 9, 0] 
 [99.9579, 99.9999, 99.9894, 99.9999, 99.9579]
________________________________________________________________________________
[0, 0, 0, 10, 0] 
 [99.9579, 99.9999, 99.9894, 99.9999, 99.9579]
________________________________________________________________________________
[0, 1, 0, 9, 0] 
 [99.9579, 99.9999, 99.9894, 99.9999, 99.9579]
________________________________________________________________________________
[0, 0, 0, 10, 0] 
 [99.9579, 99.9999, 99.9894, 99.9999, 99.9579]
________________________________________________________________________________
cost ==> 0.062370932976176685
cost ==> 0.01615838913443594
cost ==> 0.04923787326365201
cost ==> 0.0025954390710908205
cost ==> 0.006027579273418053
cost ==> 0.06130421867422976
cost ==> 0.015505602340281973
cost ==> 0.04814786538616017
cost ==> 0.002756229935553805
cost ==> 0.005766805942466443
cost ==> 0.060253241925586586
cost ==> 0.014872464407275897
cost ==> 0.04709886853856044
cost ==> 0.0029242947935834624
cost ==> 0.005514219722982594
cost ==> 0.059217846159137194
cost ==> 0.01425860440187125
cost ==> 0.04609003861175691
cost ==> 0.0030998351478039934
cost ==> 0.005269663371716568
cost ==> 0.05819787550848142
cost ==> 0.013663653907091707
cost ==> 0.045120552361647005
cost ==> 0.0032830544588829335
cost ==> 0.00503298069610137
[[18.99199576 18.99998668 18.99799431 18.99998636 18.99199494]
 [18.99199576 18.9999861  18.99799431 18.99998552 18.99199494]
 [18.99199576 18.9999861  18.99799431 18.99998462 18.99199494]
 [18.99199576 18.9999861  18.99799431 18.99998357 18.99199494]
 [18.99199576 18.99998559 18.99799431 18.99998256 18.99199494]
 [18.99199576 18.99998559 18.99799431 18.99998137 18.99199494]]
Costs calculated [[0.08036341327152363, 0.01615838917226597, 0.08036341327152363, 0.002595439072426176, 0.08036341327152363], [0.08036341327152363, 0.08036341327152363, 0.08036341327152363, 0.0027562299334878723, 0.08036341327152363], [0.08036341327152363, 0.08036341327152363, 0.08036341327152363, 0.0029242947959570616, 0.08036341327152363], [0.08036341327152363, 0.014258604383384102, 0.08036341327152363, 0.0030998351485107163, 0.08036341327152363], [0.08036341327152363, 0.08036341327152363, 0.08036341327152363, 0.0032830544562338407, 0.08036341327152363]]
[0, 8, 0, 2, 0] 
 [99.9579, 99.9999, 99.9894, 99.9999, 99.9579]
________________________________________________________________________________
[0, 1, 0, 9, 0] 
 [99.9579, 99.9999, 99.9894, 99.9999, 99.9579]
________________________________________________________________________________
[0, 0, 0, 9, 0] 
 [99.9579, 99.9999, 99.9894, 99.9999, 99.9579]
________________________________________________________________________________
[0, 0, 0, 9, 0] 
 [99.9579, 99.9999, 99.9894, 99.9999, 99.9579]
________________________________________________________________________________
[0, 1, 0, 9, 0] 
 [99.9579, 99.9999, 99.9894, 99.9999, 99.9579]
________________________________________________________________________________
cost ==> 0.05719317481550358
cost ==> 0.013087247039078804
cost ==> 0.04418960766911056
cost ==> 0.003474158127562701
cost ==> 0.004804016560758973
cost ==> 0.05620358963399961
cost ==> 0.012529020464000114
cost ==> 0.043296423800900846
cost ==> 0.0036733534772203213
cost ==> 0.004582616894132768
cost ==> 0.05522896623335432
cost ==> 0.011988613415330324
cost ==> 0.04244024167104493
cost ==> 0.0038808497369289085
cost ==> 0.004368628695250651
cost ==> 0.05426915160227837
cost ==> 0.011465667711521542
cost ==> 0.04162032410232481
cost ==> 0.004096858024995893
cost ==> 0.004161900040623002
cost ==> 0.05332399345259628
cost ==> 0.010959827774077235
cost ==> 0.040835956087393946
cost ==> 0.004321591332955272
cost ==> 0.003962280091280356
[[18.99199576 18.99998559 18.99799431 18.99998137 18.99199494]
 [18.99199576 18.9999818  18.99799431 18.99998112 18.99199494]
 [18.99199576 18.99998135 18.99799431 18.99997993 18.99199494]
 [18.99199576 18.99998135 18.99799431 18.99997867 18.99199494]
 [18.99199576 18.99998135 18.99799431 18.99997734 18.99199494]
 [18.99199576 18.99998096 18.99799431 18.99997593 18.99199494]]
Costs calculated [[0.08036341327152363, 0.013087247045199115, 0.08036341327152363, 0.0034741581332908148, 0.08036341327152363], [0.08036341327152363, 0.012529020464321717, 0.08036341327152363, 0.0036733534718709055, 0.08036341327152363], [0.08036341327152363, 0.08036341327152363, 0.08036341327152363, 0.003880849740571411, 0.08036341327152363], [0.08036341327152363, 0.08036341327152363, 0.08036341327152363, 0.0040968580204257515, 0.08036341327152363], [0.08036341327152363, 0.010959827730268101, 0.08036341327152363, 0.0043215913328015585, 0.08036341327152363]]
[0, 10, 0, 0, 0] 
 [99.9579, 99.9999, 99.9894, 99.9999, 99.9579]
________________________________________________________________________________
[0, 3, 0, 7, 0] 
 [99.9579, 99.9999, 99.9894, 99.9999, 99.9579]
________________________________________________________________________________
[0, 1, 0, 9, 0] 
 [99.9579, 99.9999, 99.9894, 99.9999, 99.9579]
________________________________________________________________________________
[0, 0, 0, 10, 0] 
 [99.9579, 99.9999, 99.9894, 99.9999, 99.9579]
________________________________________________________________________________
[0, 3, 0, 7, 0] 
 [99.9579, 99.9998, 99.9894, 99.9998, 99.9579]
________________________________________________________________________________
cost ==> 0.052393340223092284
cost ==> 0.010470740646046839
cost ==> 0.0400864450490491
cost ==> 0.00455526450999215
cost ==> 0.003769619099955348
cost ==> 0.05147704108341438
cost ==> 0.009998056010958318
cost ==> 0.03937112109915686
cost ==> 0.004798094247779592
cost ==> 0.0035837684184141243
cost ==> 0.05057494593803635
cost ==> 0.00954142621220732
cost ==> 0.03868933729570582
cost ==> 0.0050502990657092465
cost ==> 0.0034045805049425027
cost ==> 0.04968690543028017
cost ==> 0.009100506272922552
cost ==> 0.03804046989743415
cost ==> 0.005312099296498007
cost ==> 0.0032319089319922255
cost ==> 0.048812770946398056
cost ==> 0.008674953916328275
cost ==> 0.037423918615459795
cost ==> 0.005583717072154371
cost ==> 0.003065608393993605
[[18.99199576 18.99998096 18.99799431 18.99997593 18.99199494]
 [18.99199576 18.99997718 18.99799431 18.99997593 18.99199494]
 [18.99199576 18.99997609 18.99799431 18.99997472 18.99199494]
 [18.99199576 18.99997575 18.99799431 18.99997308 18.99199494]
 [18.99199576 18.99997575 18.99799431 18.99997116 18.99199494]
 [18.99199576 18.99997481 18.99799431 18.99996975 18.99199494]]
Costs calculated [[0.08036341327152363, 0.010470740648423772, 0.08036341327152363, 0.08036341327152363, 0.08036341327152363], [0.08036341327152363, 0.009998055997630425, 0.08036341327152363, 0.0047980942496178335, 0.08036341327152363], [0.08036341327152363, 0.00954142624927354, 0.08036341327152363, 0.00505029906204224, 0.08036341327152363], [0.08036341327152363, 0.08036341327152363, 0.08036341327152363, 0.005312099298125958, 0.08036341327152363], [0.08036341327152363, 0.008674953905658995, 0.08036341327152363, 0.0055837170690582185, 0.08036341327152363]]
[0, 10, 0, 0, 0] 
 [99.9579, 99.9998, 99.9894, 99.9998, 99.9579]
________________________________________________________________________________
[0, 6, 0, 4, 0] 
 [99.9579, 99.9998, 99.9894, 99.9998, 99.9579]
________________________________________________________________________________
[0, 3, 0, 7, 0] 
 [99.9579, 99.9998, 99.9894, 99.9998, 99.9579]
________________________________________________________________________________
[0, 1, 0, 9, 0] 
 [99.9579, 99.9998, 99.9894, 99.9998, 99.9579]
________________________________________________________________________________
[0, 2, 0, 8, 0] 
 [99.9579, 99.9998, 99.9894, 99.9998, 99.9579]
________________________________________________________________________________
cost ==> 0.04795239461971894
cost ==> 0.008264429586626048
cost ==> 0.036839106861316875
cost ==> 0.005865376310289202
cost ==> 0.002905534715340177
cost ==> 0.047105629334855854
cost ==> 0.007868596470419844
cost ==> 0.03628548199079256
cost ==> 0.006157302700756193
cost ==> 0.002751544858552303
cost ==> 0.04627232873197912
cost ==> 0.007487120518708873
cost ==> 0.03576251554293068
cost ==> 0.00645972369260868
cost ==> 0.0026034969326261927
cost ==> 0.045452347211154716
cost ==> 0.00711967046947644
cost ==> 0.03526970347356916
cost ==> 0.006772868481359887
cost ==> 0.002461250201575778
cost ==> 0.04464553993675042
cost ==> 0.006765917870902143
cost ==> 0.034806566382756705
cost ==> 0.007096967996534497
cost ==> 0.0023246650931748824
[[18.99199576 18.99997481 18.99799431 18.99996975 18.99199494]
 [18.99199576 18.99997182 18.99799431 18.99996975 18.99199494]
 [18.99199576 18.99997012 18.99799431 18.99996886 18.99199494]
 [18.99199576 18.99996931 18.99799431 18.99996723 18.99199494]
 [18.99199576 18.99996905 18.99799431 18.99996503 18.99199494]
 [18.99199576 18.99996856 18.99799431 18.99996297 18.99199494]]
Costs calculated [[0.08036341327152363, 0.008264429590647054, 0.08036341327152363, 0.08036341327152363, 0.08036341327152363], [0.08036341327152363, 0.007868596466369641, 0.08036341327152363, 0.006157302711474451, 0.08036341327152363], [0.08036341327152363, 0.007487120502379466, 0.08036341327152363, 0.006459723694956597, 0.08036341327152363], [0.08036341327152363, 0.007119670481987125, 0.08036341327152363, 0.006772868481634126, 0.08036341327152363], [0.08036341327152363, 0.00676591785468639, 0.08036341327152363, 0.007096967993726593, 0.08036341327152363]]
[0, 9, 0, 0, 0] 
 [99.9579, 99.9998, 99.9894, 99.9998, 99.9579]
________________________________________________________________________________
[0, 10, 0, 0, 0] 
 [99.9579, 99.9998, 99.9894, 99.9998, 99.9579]
________________________________________________________________________________
[0, 5, 0, 5, 0] 
 [99.9579, 99.9998, 99.9894, 99.9998, 99.9579]
________________________________________________________________________________
[0, 5, 0, 5, 0] 
 [99.9579, 99.9998, 99.9894, 99.9998, 99.9579]
________________________________________________________________________________
[0, 5, 0, 5, 0] 
 [99.9579, 99.9998, 99.9894, 99.9998, 99.9579]
________________________________________________________________________________
cost ==> 0.043851762841908365
cost ==> 0.00642553710522939
cost ==> 0.03437264973539664
cost ==> 0.007432254889500197
cost ==> 0.002193603207907879
cost ==> 0.04307087263308927
cost ==> 0.006098205413320527
cost ==> 0.033967524074460104
cost ==> 0.007778963521568582
cost ==> 0.0020679273281370278
cost ==> 0.042302726794685885
cost ==> 0.005783602919935337
cost ==> 0.0335907852261099
cost ==> 0.008137329952354814
cost ==> 0.0019475014274957995
cost ==> 0.04154718359370831
cost ==> 0.005481412659770599
cost ==> 0.033242054496086575
cost ==> 0.008507591928387096
cost ==> 0.0018321906805175245
cost ==> 0.04080410208454388
cost ==> 0.00519132060430186
cost ==> 0.032920978856714016
cost ==> 0.008889988871956099
cost ==> 0.0017218614725093267
[[18.99199576 18.99996856 18.99799431 18.99996297 18.99199494]
 [18.99199576 18.99996647 18.99799431 18.99996297 18.99199494]
 [18.99199576 18.99996427 18.99799431 18.99996297 18.99199494]
 [18.99199576 18.99996323 18.99799431 18.99996151 18.99199494]
 [18.99199576 18.99996224 18.99799431 18.99995997 18.99199494]
 [18.99199576 18.9999613  18.99799431 18.99995836 18.99199494]]
Costs calculated [[0.08036341327152363, 0.006425537103451278, 0.08036341327152363, 0.08036341327152363, 0.08036341327152363], [0.08036341327152363, 0.0060982054135128045, 0.08036341327152363, 0.08036341327152363, 0.08036341327152363], [0.08036341327152363, 0.005783602921596273, 0.08036341327152363, 0.00813732995275174, 0.08036341327152363], [0.08036341327152363, 0.005481412663450269, 0.08036341327152363, 0.008507591920785578, 0.08036341327152363], [0.08036341327152363, 0.005191320600082168, 0.08036341327152363, 0.008889988878892818, 0.08036341327152363]]
[0, 9, 0, 0, 0] 
 [99.9579, 99.9998, 99.9894, 99.9998, 99.9579]
________________________________________________________________________________
[0, 9, 0, 1, 0] 
 [99.9579, 99.9998, 99.9894, 99.9998, 99.9579]
________________________________________________________________________________
[0, 9, 0, 1, 0] 
 [99.9579, 99.9998, 99.9894, 99.9998, 99.9579]
________________________________________________________________________________
[0, 6, 0, 4, 0] 
 [99.9579, 99.9998, 99.9894, 99.9998, 99.9579]
________________________________________________________________________________
[0, 7, 0, 3, 0] 
 [99.9579, 99.9998, 99.9894, 99.9998, 99.9579]
________________________________________________________________________________
cost ==> 0.04007334211379087
cost ==> 0.004913015689470933
cost ==> 0.032627231123899654
cost ==> 0.009284761870196258
cost ==> 0.0016163814096823211
cost ==> 0.03935476432516788
cost ==> 0.0046461898442668615
cost ==> 0.03236051012351817
cost ==> 0.008776718428234328
cost ==> 0.0015156193295492147
cost ==> 0.038648230164501404
cost ==> 0.004390538020251318
cost ==> 0.03212054084659722
cost ==> 0.008291552184546028
cost ==> 0.0014194453116014292
cost ==> 0.03795360188479122
cost ==> 0.004145758222083412
cost ==> 0.03190707459274541
cost ==> 0.007828573006670982
cost ==> 0.0013277306882787398
cost ==> 0.03727074255135711
cost ==> 0.00391155153910391
cost ==> 0.031719889101299775
cost ==> 0.007387099541166826
cost ==> 0.0012403480562449484
[[18.99199576 18.9999613  18.99799431 18.99995836 18.99199494]
 [18.99199576 18.9999597  18.99799431 18.99995836 18.99199494]
 [18.99199576 18.99995819 18.99799431 18.99995805 18.99199494]
 [18.99199576 18.99995677 18.99799431 18.99995775 18.99199494]
 [18.99199576 18.99995587 18.99799431 18.99995662 18.99199494]
 [18.99199576 18.99995488 18.99799431 18.99995582 18.99199494]]
Costs calculated [[0.08036341327152363, 0.004913015694278352, 0.08036341327152363, 0.08036341327152363, 0.08036341327152363], [0.08036341327152363, 0.004646189842829159, 0.08036341327152363, 0.008776718477339117, 0.08036341327152363], [0.08036341327152363, 0.004390538020824159, 0.08036341327152363, 0.008291552140835122, 0.08036341327152363], [0.08036341327152363, 0.004145758230274288, 0.08036341327152363, 0.007828572998582025, 0.08036341327152363], [0.08036341327152363, 0.0039115515339993795, 0.08036341327152363, 0.0073870995423492986, 0.08036341327152363]]
[0, 9, 0, 1, 0] 
 [99.9579, 99.9998, 99.9894, 99.9998, 99.9579]
________________________________________________________________________________
[0, 7, 0, 3, 0] 
 [99.9579, 99.9997, 99.9894, 99.9997, 99.9579]
________________________________________________________________________________
[0, 7, 0, 3, 0] 
 [99.9579, 99.9997, 99.9894, 99.9997, 99.9579]
________________________________________________________________________________
[0, 6, 0, 4, 0] 
 [99.9579, 99.9997, 99.9894, 99.9997, 99.9579]
________________________________________________________________________________
[0, 7, 0, 3, 0] 
 [99.9579, 99.9997, 99.9894, 99.9997, 99.9579]
________________________________________________________________________________
cost ==> 0.03659951604706552
cost ==> 0.0036876221780434053
cost ==> 0.03155878866970233
cost ==> 0.0069664593401871575
cost ==> 0.0011571712879844312
cost ==> 0.03593978707763975
cost ==> 0.0034736774969246396
cost ==> 0.03142360425866021
cost ==> 0.006565988993927755
cost ==> 0.0010780755437350413
cost ==> 0.035291421177054916
cost ==> 0.0032694280402351126
cost ==> 0.03131419358368477
cost ==> 0.006185034269347044
cost ==> 0.001002937283774222
cost ==> 0.034654284713017305
cost ==> 0.0030745875754528912
cost ==> 0.031230441192653863
cost ==> 0.0058229502555958695
cost ==> 0.0009316342810761638
cost ==> 0.03402824489253278
cost ==> 0.0028888731310159287
cost ==> 0.03117225852909575
cost ==> 0.005479101516627354
cost ==> 0.0008640456343593993
[[18.99199576 18.99995488 18.99799431 18.99995582 18.99199494]
 [18.99199576 18.99995368 18.99799431 18.99995557 18.99199494]
 [18.99199576 18.9999528  18.99799431 18.99995485 18.99199494]
 [18.99199576 18.99995198 18.99799431 18.99995418 18.99199494]
 [18.99199576 18.99995131 18.99799431 18.99995334 18.99199494]
 [18.99199576 18.99995058 18.99799431 18.99995275 18.99199494]]
Costs calculated [[0.08036341327152363, 0.003687622175874223, 0.08036341327152363, 0.006966459298758388, 0.08036341327152363], [0.08036341327152363, 0.0034736774965001623, 0.08036341327152363, 0.006565989009651804, 0.08036341327152363], [0.08036341327152363, 0.0032694280339306864, 0.08036341327152363, 0.006185034263156335, 0.08036341327152363], [0.08036341327152363, 0.0030745875744246434, 0.08036341327152363, 0.005822950256152411, 0.08036341327152363], [0.08036341327152363, 0.00288887312589841, 0.08036341327152363, 0.00547910153191905, 0.08036341327152363]]
[0, 1, 0, 9, 0] 
 [99.9579, 99.9997, 99.9894, 99.9997, 99.9579]
________________________________________________________________________________
[0, 6, 0, 4, 0] 
 [99.9579, 99.9997, 99.9894, 99.9997, 99.9579]
________________________________________________________________________________
[0, 7, 0, 3, 0] 
 [99.9579, 99.9997, 99.9894, 99.9997, 99.9579]
________________________________________________________________________________
[0, 6, 0, 4, 0] 
 [99.9579, 99.9997, 99.9894, 99.9997, 99.9579]
________________________________________________________________________________
[0, 7, 0, 3, 0] 
 [99.9579, 99.9997, 99.9894, 99.9997, 99.9579]
________________________________________________________________________________
cost ==> 0.033413169767560646
cost ==> 0.0027120050358331485
cost ==> 0.03113958398094088
cost ==> 0.005152862251490116
cost ==> 0.0008000517815453267
cost ==> 0.032808928240760385
cost ==> 0.0025437069604448154
cost ==> 0.031132382914549634
cost ==> 0.004843616462847327
cost ==> 0.0007395345136500972
cost ==> 0.032215390071328044
cost ==> 0.002383705959949645
cost ==> 0.031150647693880835
cost ==> 0.004550758134300256
cost ==> 0.0006823769891337334
cost ==> 0.0319298832100811
cost ==> 0.002231732518827033
cost ==> 0.031194397684720317
cost ==> 0.004273691417136397
cost ==> 0.0006284637487325064
cost ==> 0.03166232285976232
cost ==> 0.002087520597795311
cost ==> 0.03126367924395718
cost ==> 0.0040118308271611496
cost ==> 0.0005776807308024771
[[18.99199576 18.99995058 18.99799431 18.99995275 18.99199494]
 [18.99199576 18.99995048 18.99799431 18.99995107 18.99199494]
 [18.99199576 18.99994993 18.99799431 18.99995038 18.99199494]
 [18.99199576 18.99994933 18.99799431 18.99994988 18.99199494]
 [18.99199576 18.99994884 18.99799431 18.99994926 18.99199494]
 [18.99199576 18.99994832 18.99799431 18.99994883 18.99199494]]
Costs calculated [[0.08036341327152363, 0.002712005027240487, 0.08036341327152363, 0.0051528622534203665, 0.08036341327152363], [0.08036341327152363, 0.00254370695299642, 0.08036341327152363, 0.004843616460194897, 0.08036341327152363], [0.08036341327152363, 0.0023837059602179094, 0.08036341327152363, 0.004550758128478621, 0.08036341327152363], [0.08036341327152363, 0.0022317325142298247, 0.08036341327152363, 0.004273691422628558, 0.08036341327152363], [0.08036341327152363, 0.00208752059872563, 0.08036341327152363, 0.004011830815368824, 0.08036341327152363]]
[0, 5, 0, 5, 0] 
 [99.9579, 99.9997, 99.9894, 99.9997, 99.9579]
________________________________________________________________________________
[0, 6, 0, 4, 0] 
 [99.9579, 99.9997, 99.9894, 99.9997, 99.9579]
________________________________________________________________________________
[0, 7, 0, 3, 0] 
 [99.9579, 99.9997, 99.9894, 99.9997, 99.9579]
________________________________________________________________________________
[0, 6, 0, 4, 0] 
 [99.9579, 99.9997, 99.9894, 99.9997, 99.9579]
________________________________________________________________________________
[0, 7, 0, 3, 0] 
 [99.9579, 99.9997, 99.9894, 99.9997, 99.9579]
________________________________________________________________________________
cost ==> 0.03141252595484148
cost ==> 0.0019508076828603491
cost ==> 0.03135856569394706
cost ==> 0.003764601452313113
cost ==> 0.0005299152872046943
cost ==> 0.031180320666177836
cost ==> 0.0018213348367241455
cost ==> 0.03147915728206809
cost ==> 0.003531439171802159
cost ==> 0.0004850561997649585
cost ==> 0.030965546460052833
cost ==> 0.0016988467527394287
cost ==> 0.03162558112562783
cost ==> 0.0033117908875470877
cost ==> 0.00044299369734407884
cost ==> 0.030768054153921597
cost ==> 0.001583091811615336
cost ==> 0.031797991142343926
cost ==> 0.0031051147687237036
cost ==> 0.0004036194735577639
cost ==> 0.030587705968747728
cost ==> 0.0014738221410992673
cost ==> 0.03199656796666834
cost ==> 0.0028941992546435676
cost ==> 0.0003668267051888864
[[18.99199576 18.99994832 18.99799431 18.99994883 18.99199494]
 [18.99199576 18.99994796 18.99799431 18.99994815 18.99199494]
 [18.99199576 18.99994757 18.99799431 18.99994764 18.99199494]
 [18.99199576 18.99994714 18.99799431 18.99994728 18.99199494]
 [18.99199576 18.9999468  18.99799431 18.99994683 18.99199494]
 [18.99199576 18.99994643 18.99799431 18.99994652 18.99199494]]
Costs calculated [[0.08036341327152363, 0.0019508076839099802, 0.08036341327152363, 0.003764601453994559, 0.08036341327152363], [0.08036341327152363, 0.0018213348412790583, 0.08036341327152363, 0.003531439160371924, 0.08036341327152363], [0.08036341327152363, 0.0016988467483054863, 0.08036341327152363, 0.0033117908736622435, 0.08036341327152363], [0.08036341327152363, 0.0015830918125884798, 0.08036341327152363, 0.003105114773300938, 0.08036341327152363], [0.08036341327152363, 0.0014738221390594702, 0.08036341327152363, 0.002894199261319509, 0.08036341327152363]]
[0, 6, 0, 4, 0] 
 [99.9579, 99.9997, 99.9894, 99.9997, 99.9579]
________________________________________________________________________________
[0, 7, 0, 3, 0] 
 [99.9579, 99.9997, 99.9894, 99.9997, 99.9579]
________________________________________________________________________________
[0, 6, 0, 4, 0] 
 [99.9579, 99.9997, 99.9894, 99.9997, 99.9579]
________________________________________________________________________________
[0, 7, 0, 3, 0] 
 [99.9579, 99.9997, 99.9894, 99.9997, 99.9579]
________________________________________________________________________________
[0, 6, 0, 4, 0] 
 [99.9579, 99.9997, 99.9894, 99.9997, 99.9579]
________________________________________________________________________________
cost ==> 0.030424375577794167
cost ==> 0.0013707936788830363
cost ==> 0.03222151885228534
cost ==> 0.002694209050994035
cost ==> 0.0003325100713390272
cost ==> 0.030277948151747672
cost ==> 0.0012737662390062553
cost ==> 0.03247307756115721
cost ==> 0.002504781407233927
cost ==> 0.0003005657733707361
cost ==> 0.030148320400062215
cost ==> 0.0011825035820575498
cost ==> 0.032751504239542234
cost ==> 0.0023255580466513765
cost ==> 0.00027089155569718824
cost ==> 0.03003540060841743
cost ==> 0.0010967734895042278
cost ==> 0.033057085281449856
cost ==> 0.002156185222353416
cost ==> 0.00024338672748184837
cost ==> 0.029939108672192107
cost ==> 0.0010163478425141272
cost ==> 0.03339013318003929
cost ==> 0.0019963137756636488
cost ==> 0.00021795218531745324
[[18.99199576 18.99994643 18.99799431 18.99994652 18.99199494]
 [18.99199576 18.99994613 18.99799431 18.99994613 18.99199494]
 [18.99199576 18.99994581 18.99799431 18.99994586 18.99199494]
 [18.99199576 18.99994555 18.99799431 18.99994552 18.99199494]
 [18.99199576 18.99994527 18.99799431 18.99994529 18.99199494]
 [18.99199576 18.99994505 18.99799431 18.999945   18.99199494]]
Costs calculated [[0.08036341327152363, 0.0013707936813047458, 0.08036341327152363, 0.0026942090416008486, 0.08036341327152363], [0.08036341327152363, 0.0012737662439079097, 0.08036341327152363, 0.0025047814000923032, 0.08036341327152363], [0.08036341327152363, 0.0011825035784905648, 0.08036341327152363, 0.0023255580581812542, 0.08036341327152363], [0.08036341327152363, 0.0010967734938077385, 0.08036341327152363, 0.0021561852300852817, 0.08036341327152363], [0.08036341327152363, 0.0010163478463780565, 0.08036341327152363, 0.001996313778625475, 0.08036341327152363]]
[0, 7, 0, 3, 0] 
 [99.9579, 99.9997, 99.9894, 99.9997, 99.9579]
________________________________________________________________________________
[0, 6, 0, 4, 0] 
 [99.9579, 99.9997, 99.9894, 99.9997, 99.9579]
________________________________________________________________________________
[0, 7, 0, 3, 0] 
 [99.9579, 99.9997, 99.9894, 99.9997, 99.9579]
________________________________________________________________________________
[0, 7, 0, 3, 0] 
 [99.9579, 99.9997, 99.9894, 99.9997, 99.9579]
________________________________________________________________________________
[0, 6, 0, 4, 0] 
 [99.9579, 99.9997, 99.9894, 99.9997, 99.9579]
________________________________________________________________________________
cost ==> 0.029859376125868184
cost ==> 0.0009410027056689331
cost ==> 0.03375098636749793
cost ==> 0.0018455991971144195
cost ==> 0.0001944904369613897
cost ==> 0.029796146168286474
cost ==> 0.000870518416007009
cost ==> 0.03414000904397281
cost ==> 0.0017037016902402417
cost ==> 0.0001729056262133818
cost ==> 0.02974937368368564
cost ==> 0.0008046796778746964
cost ==> 0.03455759099614789
cost ==> 0.0015702862384026361
cost ==> 0.00015310355903165525
cost ==> 0.029719025258470977
cost ==> 0.0007432756641086851
cost ==> 0.03500414740608562
cost ==> 0.001445022674903553
cost ==> 0.00013499173099565674
cost ==> 0.0297050791936651
cost ==> 0.0006861001241169494
cost ==> 0.03548011865096525
cost ==> 0.0013275857566750829
cost ==> 0.00011847935623726172
[[18.99199576 18.99994505 18.99799431 18.999945   18.99199494]
 [18.99199576 18.99994481 18.99799431 18.9999448  18.99199494]
 [18.99199576 18.99994463 18.99799431 18.99994456 18.99199494]
 [18.99199576 18.99994442 18.99799431 18.99994439 18.99199494]
 [18.99199576 18.99994423 18.99799431 18.99994423 18.99199494]
 [18.99199576 18.99994409 18.99799431 18.99994404 18.99199494]]
Costs calculated [[0.08036341327152363, 0.0009410027044556515, 0.08036341327152363, 0.0018455991906306463, 0.08036341327152363], [0.08036341327152363, 0.0008705184159613768, 0.08036341327152363, 0.0017037016999162616, 0.08036341327152363], [0.08036341327152363, 0.0008046796764140283, 0.08036341327152363, 0.001570286229894271, 0.08036341327152363], [0.08036341327152363, 0.0007432756647927769, 0.08036341327152363, 0.0014450226805239452, 0.08036341327152363], [0.08036341327152363, 0.0006861001161532995, 0.08036341327152363, 0.0013275857479427779, 0.08036341327152363]]
[0, 7, 0, 3, 0] 
 [99.9579, 99.9997, 99.9894, 99.9997, 99.9579]
________________________________________________________________________________
[0, 7, 0, 3, 0] 
 [99.9579, 99.9997, 99.9894, 99.9997, 99.9579]
________________________________________________________________________________
[0, 6, 0, 4, 0] 
 [99.9579, 99.9997, 99.9894, 99.9997, 99.9579]
________________________________________________________________________________
[0, 7, 0, 3, 0] 
 [99.9579, 99.9997, 99.9894, 99.9997, 99.9579]
________________________________________________________________________________
[0, 6, 0, 4, 0] 
 [99.9579, 99.9997, 99.9894, 99.9997, 99.9579]
________________________________________________________________________________
cost ==> 0.02970752551300861
cost ==> 0.0006329514994716445
cost ==> 0.03598597009436398
cost ==> 0.0012176552418683905
cost ==> 0.00010347739797872867
cost ==> 0.029726365966688904
cost ==> 0.0005836330476724845
cost ==> 0.03652219186973606
cost ==> 0.0011149159717053186
cost ==> 8.989860083489543e-05
cost ==> 0.029761614030685342
cost ==> 0.000537952974781611
cost ==> 0.03708929865674496
cost ==> 0.0010190579570026166
cost ==> 7.765752506005066e-05
cost ==> 0.029813294901734403
cost ==> 0.0004957245776681476
cost ==> 0.03768782945110808
cost ==> 0.0009297764698325062
cost ==> 6.667058294736983e-05
cost ==> 0.02988144548792789
cost ==> 0.00045676639662884185
cost ==> 0.03831834732860482
cost ==> 0.0008467721408454609
cost ==> 5.685607762202977e-05
[[18.99199576 18.99994409 18.99799431 18.99994404 18.99199494]
 [18.99199576 18.99994393 18.99799431 18.9999439  18.99199494]
 [18.99199576 18.99994378 18.99799431 18.99994378 18.99199494]
 [18.99199576 18.99994366 18.99799431 18.99994364 18.99199494]
 [18.99199576 18.99994354 18.99799431 18.99994354 18.99199494]
 [18.99199576 18.99994344 18.99799431 18.99994341 18.99199494]]
Costs calculated [[0.08036341327152363, 0.0006329514926270517, 0.08036341327152363, 0.0012176552360131066, 0.08036341327152363], [0.08036341327152363, 0.0005836330490100284, 0.08036341327152363, 0.0011149159825347551, 0.08036341327152363], [0.08036341327152363, 0.0005379529756525682, 0.08036341327152363, 0.0010190579576281765, 0.08036341327152363], [0.08036341327152363, 0.000495724576485993, 0.08036341327152363, 0.0009297764850965249, 0.08036341327152363], [0.08036341327152363, 0.0004567664025425865, 0.08036341327152363, 0.000846772152241108, 0.08036341327152363]]
[0, 7, 0, 3, 0] 
 [99.9579, 99.9997, 99.9894, 99.9997, 99.9579]
________________________________________________________________________________
